2021-08-26 07:41:23 PM - [31merror[39m: Config validation error: "DB_URL" is required
2021-08-26 10:09:48 PM - [31merror[39m: MongoDB connection error: Error: querySrv ECONNREFUSED _mongodb._tcp.cluster0.k6djm.mongodb.net
2021-08-26 10:10:23 PM - [31merror[39m: MongoDB connection error: MongoError: bad auth : Authentication failed.
2021-08-26 10:14:01 PM - [31merror[39m: MongoDB connection error: MongoError: bad auth : Authentication failed.
2021-08-26 10:14:22 PM - [31merror[39m: MongoDB connection error: MongoError: bad auth : Authentication failed.
2021-08-26 10:14:39 PM - [31merror[39m: MongoDB connection error: MongoError: bad auth : Authentication failed.
2021-08-26 10:15:08 PM - [31merror[39m: MongoDB connection error: MongoError: bad auth : Authentication failed.
2021-08-26 10:16:28 PM - [31merror[39m: MongoError: bad auth : Authentication failed.2021-08-26 10:17:33 PM - [31merror[39m: MongoError: bad auth : Authentication failed.2021-08-26 10:19:01 PM - [31merror[39m: Server starts eror: MongoError: bad auth : Authentication failed.
2021-08-26 10:19:45 PM - [31merror[39m: MongoError: bad auth : Authentication failed.
2021-08-26 10:20:49 PM - [31merror[39m: Error : MongoError: bad auth : Authentication failed.
2021-08-26 10:21:29 PM - [31merror[39m: MongoError: bad auth : Authentication failed.
2021-08-26 10:22:35 PM - [31merror[39m: Server starts error: MongoError: bad auth : Authentication failed.
2021-08-26 10:23:08 PM - [31merror[39m: Fail to start server: MongoError: bad auth : Authentication failed.
2021-08-26 11:00:39 PM - [31merror[39m: Fail to start server: Error: MongoError: bad auth : Authentication failed.
2021-08-27 07:31:08 PM - [31merror[39m: Fail to start server: Error: MongoError: bad auth : Authentication failed.
2021-08-27 07:40:59 PM - [31merror[39m: Fail to start server: Error: MongoError: bad auth : Authentication failed.
2021-08-27 07:43:20 PM - [31merror[39m: Fail to start server: Error: MongoError: bad auth : Authentication failed.
2021-08-27 07:44:07 PM - [31merror[39m: Error: MongoError: bad auth : Authentication failed.
2021-08-27 07:44:27 PM - [31merror[39m: Fail to start server: Error: MongoError: bad auth : Authentication failed.
2021-08-27 08:00:43 PM - [31merror[39m: Requesting route not found
2021-08-27 08:03:46 PM - [31merror[39m: Route /users -> not found
2021-08-27 08:05:31 PM - [31merror[39m: Route /users not found
2021-08-27 08:06:45 PM - [31merror[39m: Route /users not found
2021-08-27 08:07:50 PM - [31merror[39m: Route /users not found
2021-08-27 08:08:05 PM - [31merror[39m: Route /k not found
error: TypeError: tokens.22 is not a function
error: Route /favicon.ico not found
error: TypeError: tokens.22 is not a function
error: TypeError: tokens.24 is not a function
error: TypeError: tokens.24 is not a function
error: 2021-08-30 07:54:41 PM - Route /users not found
error: TypeError: tokens.message is not a function
    at eval (eval at compile (C:\Users\teach\Desktop\Projects\Personal\Graduation_Backend\node_modules\morgan\index.js:411:10), <anonymous>:9:23)
    at Array.logRequest (C:\Users\teach\Desktop\Projects\Personal\Graduation_Backend\node_modules\morgan\index.js:122:18)
    at listener (C:\Users\teach\Desktop\Projects\Personal\Graduation_Backend\node_modules\on-finished\index.js:169:15)
    at onFinish (C:\Users\teach\Desktop\Projects\Personal\Graduation_Backend\node_modules\on-finished\index.js:100:5)
    at callback (C:\Users\teach\Desktop\Projects\Personal\Graduation_Backend\node_modules\ee-first\index.js:55:10)
    at ServerResponse.onevent (C:\Users\teach\Desktop\Projects\Personal\Graduation_Backend\node_modules\ee-first\index.js:93:5)
    at ServerResponse.emit (events.js:412:35)
    at ServerResponse.emit (domain.js:470:12)
    at onFinish (_http_outgoing.js:792:10)
    at afterWrite (internal/streams/writable.js:466:5)
    at afterWriteTick (internal/streams/writable.js:453:10)
    at processTicksAndRejections (internal/process/task_queues.js:81:21)
error: 2021-08-30 07:54:43 PM - Route /user not found
error: TypeError: tokens.message is not a function
    at eval (eval at compile (C:\Users\teach\Desktop\Projects\Personal\Graduation_Backend\node_modules\morgan\index.js:411:10), <anonymous>:9:23)
    at Array.logRequest (C:\Users\teach\Desktop\Projects\Personal\Graduation_Backend\node_modules\morgan\index.js:122:18)
    at listener (C:\Users\teach\Desktop\Projects\Personal\Graduation_Backend\node_modules\on-finished\index.js:169:15)
    at onFinish (C:\Users\teach\Desktop\Projects\Personal\Graduation_Backend\node_modules\on-finished\index.js:100:5)
    at callback (C:\Users\teach\Desktop\Projects\Personal\Graduation_Backend\node_modules\ee-first\index.js:55:10)
    at ServerResponse.onevent (C:\Users\teach\Desktop\Projects\Personal\Graduation_Backend\node_modules\ee-first\index.js:93:5)
    at ServerResponse.emit (events.js:412:35)
    at ServerResponse.emit (domain.js:470:12)
    at onFinish (_http_outgoing.js:792:10)
    at afterWrite (internal/streams/writable.js:466:5)
    at afterWriteTick (internal/streams/writable.js:453:10)
    at processTicksAndRejections (internal/process/task_queues.js:81:21)
error: 2021-08-30 07:55:37 PM - Route /user not found
error: 2021-08-30 07:56:34 PM - Route /favicon.ico not found
error: 2021-08-30 07:58:31 PM - Route /eradf not found
error: 2021-08-30 07:58:42 PM - Route /user not found
error: 2021-08-30 07:59:04 PM - Route /user not found
error: 2021-08-30 07:59:04 PM - GET /user 404 - 9.477 ms - message: error
error: 2021-08-30 07:59:24 PM - GET /user 404 - 1.112 ms - message: error
error: 2021-08-30 07:59:43 PM - GET /user 404 - 1.101 ms - message: error
error: 2021-08-30 08:00:15 PM - GET /user 404 - 1.242 ms - message: error
error: 2021-08-30 08:00:17 PM - GET /user/12 404 - 0.358 ms - message: error
error: 2021-08-30 08:01:15 PM - GET /v1/user 404 - 0.189 ms - message: error
error: 2021-08-30 08:01:24 PM - GET /api/v1/user 404 - 0.198 ms - message: error
error: 2021-08-30 08:12:48 PM - GET /api/v1/user/2 404 - 1.370 ms - message: error
error: 2021-08-30 08:18:27 PM - GET /api/v1/user/2 404 - 1.624 ms - message: error
error: TypeError: Cannot read property 'locals' of undefined
    at Function.message (C:\Users\teach\Desktop\Projects\Personal\Graduation_Backend\config\/morgan.js:7:48)
    at eval (eval at compile (C:\Users\teach\Desktop\Projects\Personal\Graduation_Backend\node_modules\morgan\index.js:411:10), <anonymous>:9:23)
    at Array.logRequest (C:\Users\teach\Desktop\Projects\Personal\Graduation_Backend\node_modules\morgan\index.js:122:18)
    at listener (C:\Users\teach\Desktop\Projects\Personal\Graduation_Backend\node_modules\on-finished\index.js:169:15)
    at onFinish (C:\Users\teach\Desktop\Projects\Personal\Graduation_Backend\node_modules\on-finished\index.js:100:5)
    at callback (C:\Users\teach\Desktop\Projects\Personal\Graduation_Backend\node_modules\ee-first\index.js:55:10)
    at ServerResponse.onevent (C:\Users\teach\Desktop\Projects\Personal\Graduation_Backend\node_modules\ee-first\index.js:93:5)
    at ServerResponse.emit (events.js:412:35)
    at ServerResponse.emit (domain.js:470:12)
    at onFinish (_http_outgoing.js:792:10)
    at callback (internal/streams/writable.js:513:21)
    at afterWrite (internal/streams/writable.js:466:5)
    at afterWriteTick (internal/streams/writable.js:453:10)
    at processTicksAndRejections (internal/process/task_queues.js:81:21)
error: 2021-08-30 08:19:09 PM - GET /api/v1/user/2 404 - 1.549 ms - message: error
error: 2021-08-30 08:20:27 PM - GET /api/v1/user/2 404 - 1.359 ms - message: error
error: 2021-08-30 08:21:31 PM - GET /api/v1/user/2 404 - 1.478 ms - message: error
error: 2021-08-30 08:26:12 PM - GET /api/v1/user/2 404 - 1.325 ms - message: error occured
error: 2021-08-30 08:27:30 PM - GET /api/v1/user/123 404 - 1.514 ms - message: error occured
error: 2021-08-30 08:30:24 PM - GET /api/v1/user/123 404 - 1.420 ms - message: error occured
error: 2021-08-30 08:30:53 PM - GET /api/v1/user/123 404 - 1.489 ms - message: error occured
error: 2021-08-30 08:32:36 PM - GET /api/v1/user/123 404 - 2.280 ms - message: error occured
error: 2021-08-30 09:56:25 PM - PATCH /api/v1/user 404 - 1.665 ms - message: error occured
error: 2021-08-30 09:57:32 PM - PATCH /api/v1/user 404 - 1.376 ms - message: error occured
error: 2021-08-30 09:58:10 PM - PATCH /api/v1/user 404 - 2.083 ms - message: error occured
error: Error: User not found
    at _callee4$ (C:\Users\teach\Desktop\Projects\Personal\Graduation_Backend\controllers\/user.controller.js:39:15)
    at tryCatch (C:\Users\teach\Desktop\Projects\Personal\Graduation_Backend\node_modules\regenerator-runtime\runtime.js:63:40)
    at Generator.invoke [as _invoke] (C:\Users\teach\Desktop\Projects\Personal\Graduation_Backend\node_modules\regenerator-runtime\runtime.js:294:22)
    at Generator.next (C:\Users\teach\Desktop\Projects\Personal\Graduation_Backend\node_modules\regenerator-runtime\runtime.js:119:21)
    at asyncGeneratorStep (C:\Users\teach\Desktop\Projects\Personal\Graduation_Backend\controllers\user.controller.js:16:103)
    at _next (C:\Users\teach\Desktop\Projects\Personal\Graduation_Backend\controllers\user.controller.js:18:194)
error: 2021-08-30 10:03:09 PM - PATCH /api/v1/user/1 404 - 2030.469 ms - message: User not found
error: Error: User not found
    at _callee4$ (C:\Users\teach\Desktop\Projects\Personal\Graduation_Backend\controllers\/user.controller.js:39:15)
    at tryCatch (C:\Users\teach\Desktop\Projects\Personal\Graduation_Backend\node_modules\regenerator-runtime\runtime.js:63:40)
    at Generator.invoke [as _invoke] (C:\Users\teach\Desktop\Projects\Personal\Graduation_Backend\node_modules\regenerator-runtime\runtime.js:294:22)
    at Generator.next (C:\Users\teach\Desktop\Projects\Personal\Graduation_Backend\node_modules\regenerator-runtime\runtime.js:119:21)
    at asyncGeneratorStep (C:\Users\teach\Desktop\Projects\Personal\Graduation_Backend\controllers\user.controller.js:16:103)
    at _next (C:\Users\teach\Desktop\Projects\Personal\Graduation_Backend\controllers\user.controller.js:18:194)
error: 2021-08-30 10:04:14 PM - PATCH /api/v1/user/1 404 - 2054.144 ms - message: User not found
error: 2021-08-30 10:05:11 PM - GET /api/v1/user23 404 - 1.958 ms - message: error occured
error: 2021-08-30 10:05:35 PM - PATCH /api/v1/use121 404 - 1.100 ms - message: error occured
error: 2021-08-30 10:06:02 PM - PATCH /api/v1/use121 404 - 1.365 ms - message: route not found
error: 2021-08-30 10:07:10 PM - PATCH /api/v1/use121 404 - 1.555 ms - message: route not found
error: Error: User not found
    at _callee4$ (C:\Users\teach\Desktop\Projects\Personal\Graduation_Backend\controllers\/user.controller.js:36:15)
    at tryCatch (C:\Users\teach\Desktop\Projects\Personal\Graduation_Backend\node_modules\regenerator-runtime\runtime.js:63:40)
    at Generator.invoke [as _invoke] (C:\Users\teach\Desktop\Projects\Personal\Graduation_Backend\node_modules\regenerator-runtime\runtime.js:294:22)
    at Generator.next (C:\Users\teach\Desktop\Projects\Personal\Graduation_Backend\node_modules\regenerator-runtime\runtime.js:119:21)
    at asyncGeneratorStep (C:\Users\teach\Desktop\Projects\Personal\Graduation_Backend\controllers\user.controller.js:16:103)
    at _next (C:\Users\teach\Desktop\Projects\Personal\Graduation_Backend\controllers\user.controller.js:18:194)
error: 2021-08-30 10:07:19 PM - PATCH /api/v1/user/2 404 - 2016.515 ms - message: User not found
error: Error: User not found
    at _callee4$ (C:\Users\teach\Desktop\Projects\Personal\Graduation_Backend\controllers\/user.controller.js:36:15)
    at tryCatch (C:\Users\teach\Desktop\Projects\Personal\Graduation_Backend\node_modules\regenerator-runtime\runtime.js:63:40)
    at Generator.invoke [as _invoke] (C:\Users\teach\Desktop\Projects\Personal\Graduation_Backend\node_modules\regenerator-runtime\runtime.js:294:22)
    at Generator.next (C:\Users\teach\Desktop\Projects\Personal\Graduation_Backend\node_modules\regenerator-runtime\runtime.js:119:21)
    at asyncGeneratorStep (C:\Users\teach\Desktop\Projects\Personal\Graduation_Backend\controllers\user.controller.js:16:103)
    at _next (C:\Users\teach\Desktop\Projects\Personal\Graduation_Backend\controllers\user.controller.js:18:194)
error: 2021-08-30 10:08:00 PM - PATCH /api/v1/user/2 404 - 2025.657 ms - message: User not found
error: 2021-08-30 10:08:46 PM - PATCH /api/v1/user/2 404 - 2015.241 ms - message: User not found
error: Error: User not found
    at _callee4$ (C:\Users\teach\Desktop\Projects\Personal\Graduation_Backend\controllers\/user.controller.js:36:15)
    at tryCatch (C:\Users\teach\Desktop\Projects\Personal\Graduation_Backend\node_modules\regenerator-runtime\runtime.js:63:40)
    at Generator.invoke [as _invoke] (C:\Users\teach\Desktop\Projects\Personal\Graduation_Backend\node_modules\regenerator-runtime\runtime.js:294:22)
    at Generator.next (C:\Users\teach\Desktop\Projects\Personal\Graduation_Backend\node_modules\regenerator-runtime\runtime.js:119:21)
    at asyncGeneratorStep (C:\Users\teach\Desktop\Projects\Personal\Graduation_Backend\controllers\user.controller.js:16:103)
    at _next (C:\Users\teach\Desktop\Projects\Personal\Graduation_Backend\controllers\user.controller.js:18:194)
error: 2021-08-30 10:09:15 PM - PATCH /api/v1/user/2 404 - 2038.626 ms - message: User not found
error: 2021-08-30 10:09:45 PM - PATCH /api/v1/user/2 404 - 2017.344 ms - message: User not found
error: 2021-08-30 10:10:28 PM - PATCH /api/v1/user/2 404 - 2009.028 ms - message: User not found
error: 2021-08-30 10:12:35 PM - PATCH /api/v1/user/2 404 - 2021.297 ms - message: User not found
error: 2021-08-30 10:12:39 PM - PATCH /api/v1/user/2 404 - 2003.300 ms - message: User not found
error: 2021-08-30 10:14:09 PM - PATCH /api/v1/user/2 404 - 2026.424 ms - message: User not found
error: 2021-08-30 10:14:12 PM - PATCH /api/v1/user/2 404 - 2014.560 ms - message: User not found
error: 2021-08-30 10:14:51 PM - PATCH /api/v1/user/2 404 - 2017.847 ms - message: User not found
error: 2021-08-30 10:15:05 PM - PATCH /api/v1/user/2 404 - 2010.034 ms - message: User not found
error: 2021-08-30 10:17:06 PM - PATCH /api/v1/user2 404 - 1.167 ms - message: route not found
error: 2021-08-30 10:18:16 PM - POST /api/v1/user/1 404 - 0.448 ms - message: route not found
error: 2021-08-30 10:18:24 PM - PATCH /api/v1/user/1 404 - 2007.597 ms - message: User not found
error: 2021-08-31 10:17:10 PM - POST /api/v1/user 400 - 10007.664 ms - message: Operation `users.insertOne()` buffering timed out after 10000ms
error: 2021-08-31 10:43:12 PM - POST /api/v1/user 400 - 10015.428 ms - message: Operation `users.insertOne()` buffering timed out after 10000ms
error: 2021-09-01 10:20:33 PM - PATCH /api/v1/user/612f94d0652e9d4bd8c2fbff 500 - 32.170 ms - message: "user" is read-only
error: 2021-09-01 10:20:45 PM - PATCH /api/v1/user/612f94d0652e9d4bd8c2fbff 500 - 3.364 ms - message: "user" is read-only
error: 2021-09-01 10:21:25 PM - PATCH /api/v1/user/612f94d0652e9d4bd8c2fbff 500 - 27.971 ms - message: user.save is not a function
error: 2021-09-01 10:21:43 PM - PATCH /api/v1/user/612f94d0652e9d4bd8c2fbff 500 - 28.261 ms - message: user.save is not a function
error: 2021-09-01 10:22:46 PM - PATCH /api/v1/user/612f94d0652e9d4bd8c2fbff 500 - 26.827 ms - message: user.save is not a function
error: 2021-09-01 10:47:33 PM - PATCH /api/v1/user/612f94d0652e9d4bd8c2fbff 500 - 34.105 ms - message: user.save is not a function
error: 2021-09-01 10:48:52 PM - PATCH /api/v1/user/612f94d0652e9d4bd8c2fbff 500 - 40.129 ms - message: E11000 duplicate key error collection: GraduationProjectDB.users index: _id_ dup key: { _id: ObjectId('612f94d0652e9d4bd8c2fbff') }
error: 2021-09-01 10:50:16 PM - PATCH /api/v1/user/612f94d0652e9d4bd8c2fbff 500 - 22.151 ms - message: id is not defined
error: 2021-09-01 10:54:38 PM - PATCH /api/v1/user/612f94d0652e9d4bd8c2fbff 500 - 27.258 ms - message: user.findByIdAndUpdate is not a function
error: 2021-09-01 10:55:15 PM - PATCH /api/v1/user/612f94d0652e9d4bd8c2fbff 500 - 26.102 ms - message: user.findByIdAndUpdate is not a function
error: 2021-09-02 09:22:36 PM - GET /api/v1/user 401 - 5.453 ms - message: Please authenticate
error: 2021-09-02 09:36:07 PM - GET /api/v1/user 401 - 2.607 ms - message: Please authenticate
error: 2021-09-03 12:16:06 PM - POST /api/v1/auth 404 - 1.525 ms - message: route not found
error: 2021-09-03 12:16:18 PM - POST /api/v1/auth/login 404 - 2.341 ms - message: route not found
error: 2021-09-03 12:19:06 PM - POST /api/v1/auth/login 500 - 7.660 ms - message: passwrd is not defined
error: 2021-09-03 12:19:22 PM - POST /api/v1/auth/login 500 - 43.778 ms - message: user.isPasswordMatch is not a function
error: 2021-09-03 12:19:44 PM - POST /api/v1/auth/login 500 - 31.981 ms - message: user.isPasswordMatch is not a function
error: 2021-09-03 12:20:16 PM - POST /api/v1/auth/login 500 - 32.504 ms - message: user.isPasswordMatch is not a function
error: 2021-09-03 12:21:12 PM - POST /api/v1/auth/login 500 - 41.003 ms - message: user.isPasswordMatch is not a function
error: 2021-09-03 12:22:08 PM - POST /api/v1/auth/login 500 - 32.488 ms - message: data and hash arguments required
error: 2021-09-03 12:24:36 PM - POST /api/v1/auth/login 500 - 29.830 ms - message: data and salt arguments required
error: 2021-09-03 12:25:34 PM - POST /api/v1/auth/login 500 - 39.701 ms - message: data and salt arguments required
error: 2021-09-03 12:25:49 PM - POST /api/v1/auth/login 500 - 94.573 ms - message: data and hash arguments required
error: 2021-09-03 12:26:00 PM - POST /api/v1/auth/login 500 - 100.097 ms - message: data and hash arguments required
error: 2021-09-03 12:26:48 PM - POST /api/v1/auth/login 401 - 8.045 ms - message: Incorrect email or password
error: 2021-09-03 12:26:54 PM - POST /api/v1/auth/login 401 - 4.424 ms - message: Incorrect email or password
error: 2021-09-03 12:27:38 PM - POST /api/v1/auth/login 401 - 15.847 ms - message: Incorrect email or password
error: 2021-09-03 12:30:18 PM - POST /api/v1/auth/login 401 - 181.677 ms - message: Incorrect email or password
error: 2021-09-03 12:31:06 PM - POST /api/v1/auth/login 401 - 6.459 ms - message: Incorrect email or password
error: 2021-09-03 12:31:25 PM - POST /api/v1/auth/login 500 - 26.885 ms - message: data and hash arguments required
error: 2021-09-03 12:31:46 PM - POST /api/v1/auth/login 500 - 14.965 ms - message: data and hash arguments required
error: 2021-09-03 12:32:00 PM - POST /api/v1/auth/login 500 - 26.604 ms - message: data and hash arguments required
error: 2021-09-03 12:32:16 PM - POST /api/v1/auth/login 500 - 29.180 ms - message: data and hash arguments required
error: 2021-09-03 12:33:03 PM - POST /api/v1/auth/login 500 - 29.503 ms - message: data and hash arguments required
error: 2021-09-03 12:33:40 PM - POST /api/v1/auth/login 500 - 33.570 ms - message: data and hash arguments required
error: 2021-09-03 12:34:07 PM - POST /api/v1/auth/login 500 - 31.118 ms - message: data and hash arguments required
error: 2021-09-03 12:34:41 PM - POST /api/v1/auth/login 500 - 8.838 ms - message: data and hash arguments required
error: 2021-09-03 12:34:42 PM - POST /api/v1/auth/login 500 - 8.061 ms - message: data and hash arguments required
error: 2021-09-03 12:34:43 PM - POST /api/v1/auth/login 500 - 15.651 ms - message: data and hash arguments required
error: 2021-09-03 12:35:03 PM - POST /api/v1/auth/login 500 - 43.979 ms - message: data and hash arguments required
error: 2021-09-03 12:35:17 PM - POST /api/v1/auth/login 500 - 7.038 ms - message: data and hash arguments required
error: 2021-09-03 12:35:18 PM - POST /api/v1/auth/login 500 - 18.075 ms - message: data and hash arguments required
error: 2021-09-03 12:35:42 PM - POST /api/v1/auth/login 500 - 31.281 ms - message: data and hash arguments required
error: 2021-09-03 12:36:00 PM - POST /api/v1/auth/login 500 - 26.580 ms - message: data and hash arguments required
error: 2021-09-03 12:37:26 PM - POST /api/v1/auth/login 500 - 21.223 ms - message: data and hash arguments required
error: 2021-09-03 12:39:56 PM - POST /api/v1/auth/login 500 - 22.850 ms - message: data and hash arguments required
error: 2021-09-03 12:40:49 PM - POST /api/v1/auth/login 500 - 94.081 ms - message: data and hash arguments required
error: 2021-09-03 12:41:19 PM - POST /api/v1/auth/login 500 - 24.849 ms - message: data and salt arguments required
error: 2021-09-03 12:42:39 PM - POST /api/v1/auth/login 500 - 26.780 ms - message: data and salt arguments required
error: 2021-09-03 12:43:47 PM - POST /api/v1/auth/login 500 - 29.342 ms - message: data and salt arguments required
error: 2021-09-03 12:44:57 PM - POST /api/v1/auth/login 500 - 30.235 ms - message: data and hash arguments required
error: TokenExpiredError: jwt expired
    at C:\Users\teach\Desktop\Projects\Personal\Graduation_Backend\node_modules\jsonwebtoken\verify.js:152:21
    at getSecret (C:\Users\teach\Desktop\Projects\Personal\Graduation_Backend\node_modules\jsonwebtoken\verify.js:90:14)
    at Object.verify (C:\Users\teach\Desktop\Projects\Personal\Graduation_Backend\node_modules\jsonwebtoken\verify.js:94:10)
    at _callee2$ (C:\Users\teach\Desktop\Projects\Personal\Graduation_Backend\services\/token.service.js:16:16)
    at tryCatch (C:\Users\teach\Desktop\Projects\Personal\Graduation_Backend\node_modules\regenerator-runtime\runtime.js:63:40)
    at Generator.invoke [as _invoke] (C:\Users\teach\Desktop\Projects\Personal\Graduation_Backend\node_modules\regenerator-runtime\runtime.js:294:22)
    at Generator.next (C:\Users\teach\Desktop\Projects\Personal\Graduation_Backend\node_modules\regenerator-runtime\runtime.js:119:21)
    at asyncGeneratorStep (C:\Users\teach\Desktop\Projects\Personal\Graduation_Backend\services\token.service.js:16:103)
    at _next (C:\Users\teach\Desktop\Projects\Personal\Graduation_Backend\services\token.service.js:18:194)
    at C:\Users\teach\Desktop\Projects\Personal\Graduation_Backend\services\token.service.js:18:364
    at new Promise (<anonymous>)
    at Object.<anonymous> (C:\Users\teach\Desktop\Projects\Personal\Graduation_Backend\services\token.service.js:18:97)
    at Object.verifyToken (C:\Users\teach\Desktop\Projects\Personal\Graduation_Backend\services\/token.service.js:15:18)
    at _callee$ (C:\Users\teach\Desktop\Projects\Personal\Graduation_Backend\middlewares\/auth.js:11:43)
    at tryCatch (C:\Users\teach\Desktop\Projects\Personal\Graduation_Backend\node_modules\regenerator-runtime\runtime.js:63:40)
    at Generator.invoke [as _invoke] (C:\Users\teach\Desktop\Projects\Personal\Graduation_Backend\node_modules\regenerator-runtime\runtime.js:294:22)
error: TokenExpiredError: jwt expired
    at C:\Users\teach\Desktop\Projects\Personal\Graduation_Backend\node_modules\jsonwebtoken\verify.js:152:21
    at getSecret (C:\Users\teach\Desktop\Projects\Personal\Graduation_Backend\node_modules\jsonwebtoken\verify.js:90:14)
    at Object.verify (C:\Users\teach\Desktop\Projects\Personal\Graduation_Backend\node_modules\jsonwebtoken\verify.js:94:10)
    at _callee2$ (C:\Users\teach\Desktop\Projects\Personal\Graduation_Backend\services\/token.service.js:16:16)
    at tryCatch (C:\Users\teach\Desktop\Projects\Personal\Graduation_Backend\node_modules\regenerator-runtime\runtime.js:63:40)
    at Generator.invoke [as _invoke] (C:\Users\teach\Desktop\Projects\Personal\Graduation_Backend\node_modules\regenerator-runtime\runtime.js:294:22)
    at Generator.next (C:\Users\teach\Desktop\Projects\Personal\Graduation_Backend\node_modules\regenerator-runtime\runtime.js:119:21)
    at asyncGeneratorStep (C:\Users\teach\Desktop\Projects\Personal\Graduation_Backend\services\token.service.js:16:103)
    at _next (C:\Users\teach\Desktop\Projects\Personal\Graduation_Backend\services\token.service.js:18:194)
    at C:\Users\teach\Desktop\Projects\Personal\Graduation_Backend\services\token.service.js:18:364
    at new Promise (<anonymous>)
    at Object.<anonymous> (C:\Users\teach\Desktop\Projects\Personal\Graduation_Backend\services\token.service.js:18:97)
    at Object.verifyToken (C:\Users\teach\Desktop\Projects\Personal\Graduation_Backend\services\/token.service.js:15:18)
    at _callee$ (C:\Users\teach\Desktop\Projects\Personal\Graduation_Backend\middlewares\/auth.js:11:43)
    at tryCatch (C:\Users\teach\Desktop\Projects\Personal\Graduation_Backend\node_modules\regenerator-runtime\runtime.js:63:40)
    at Generator.invoke [as _invoke] (C:\Users\teach\Desktop\Projects\Personal\Graduation_Backend\node_modules\regenerator-runtime\runtime.js:294:22)
error: 2021-09-03 04:56:27 PM - POST /api/v1/auth/login 500 - 97.901 ms - message: "exp" should be a number of seconds
error: 2021-09-03 07:17:02 PM - POST /api/v1/auth/login 401 - 93.773 ms - message: Incorrect email or password
error: 2021-09-03 07:17:09 PM - POST /api/v1/auth/login 401 - 2.433 ms - message: Incorrect email or password
error: 2021-09-03 07:22:15 PM - GET /api/v1/user 401 - 1.456 ms - message: Please authenticate
error: TokenExpiredError: jwt expired
    at C:\Users\teach\Desktop\Projects\Personal\Graduation_Backend\node_modules\jsonwebtoken\verify.js:152:21
    at getSecret (C:\Users\teach\Desktop\Projects\Personal\Graduation_Backend\node_modules\jsonwebtoken\verify.js:90:14)
    at Object.verify (C:\Users\teach\Desktop\Projects\Personal\Graduation_Backend\node_modules\jsonwebtoken\verify.js:94:10)
    at _callee2$ (C:\Users\teach\Desktop\Projects\Personal\Graduation_Backend\services\/token.service.js:20:16)
    at tryCatch (C:\Users\teach\Desktop\Projects\Personal\Graduation_Backend\node_modules\regenerator-runtime\runtime.js:63:40)
    at Generator.invoke [as _invoke] (C:\Users\teach\Desktop\Projects\Personal\Graduation_Backend\node_modules\regenerator-runtime\runtime.js:294:22)
    at Generator.next (C:\Users\teach\Desktop\Projects\Personal\Graduation_Backend\node_modules\regenerator-runtime\runtime.js:119:21)
    at asyncGeneratorStep (C:\Users\teach\Desktop\Projects\Personal\Graduation_Backend\services\token.service.js:16:103)
    at _next (C:\Users\teach\Desktop\Projects\Personal\Graduation_Backend\services\token.service.js:18:194)
    at C:\Users\teach\Desktop\Projects\Personal\Graduation_Backend\services\token.service.js:18:364
    at new Promise (<anonymous>)
    at Object.<anonymous> (C:\Users\teach\Desktop\Projects\Personal\Graduation_Backend\services\token.service.js:18:97)
    at Object.verifyToken (C:\Users\teach\Desktop\Projects\Personal\Graduation_Backend\services\/token.service.js:19:18)
    at _callee$ (C:\Users\teach\Desktop\Projects\Personal\Graduation_Backend\middlewares\/auth.js:12:43)
    at tryCatch (C:\Users\teach\Desktop\Projects\Personal\Graduation_Backend\node_modules\regenerator-runtime\runtime.js:63:40)
    at Generator.invoke [as _invoke] (C:\Users\teach\Desktop\Projects\Personal\Graduation_Backend\node_modules\regenerator-runtime\runtime.js:294:22)
error: 2021-09-03 07:23:50 PM - GET /api/v1/user 500 - 10.506 ms - message: jwt expired
error: 2021-09-03 07:24:07 PM - GET /api/v1/user 401 - 2.833 ms - message: Please authenticate
error: 2021-09-03 07:24:12 PM - GET /api/v1/user 500 - 7.157 ms - message: jwt expired
error: 2021-09-03 07:24:49 PM - GET /api/v1/user 500 - 9.966 ms - message: Cannot read property 'exp' of undefined
error: 2021-09-03 07:24:58 PM - GET /api/v1/user 500 - 9.427 ms - message: jwt expired
error: 2021-09-03 07:27:32 PM - GET /api/v1/user 500 - 9.994 ms - message: jwt expired
error: 2021-09-03 07:27:40 PM - GET /api/v1/user 500 - 1.052 ms - message: jwt malformed
error: 2021-09-03 07:28:48 PM - POST /api/v1/auth/login 500 - 99.033 ms - message: Bad "options.expiresIn" option the payload already has an "exp" property.
error: 2021-09-03 07:32:01 PM - GET /api/v1/user 500 - 7.555 ms - message: jwt expired
error: 2021-09-03 07:33:46 PM - GET /api/v1/user 500 - 7.916 ms - message: jwt expired
error: 2021-09-03 07:43:27 PM - GET /api/v1/user 500 - 10.686 ms - message: jwt expired
error: 2021-09-03 07:49:16 PM TokenExpiredError: jwt expired
    at C:\Users\teach\Desktop\Projects\Personal\Graduation_Backend\node_modules\jsonwebtoken\verify.js:152:21
    at getSecret (C:\Users\teach\Desktop\Projects\Personal\Graduation_Backend\node_modules\jsonwebtoken\verify.js:90:14)
    at Object.verify (C:\Users\teach\Desktop\Projects\Personal\Graduation_Backend\node_modules\jsonwebtoken\verify.js:94:10)
    at _callee$ (C:\Users\teach\Desktop\Projects\Personal\Graduation_Backend\services\/token.service.js:28:16)
    at tryCatch (C:\Users\teach\Desktop\Projects\Personal\Graduation_Backend\node_modules\regenerator-runtime\runtime.js:63:40)
    at Generator.invoke [as _invoke] (C:\Users\teach\Desktop\Projects\Personal\Graduation_Backend\node_modules\regenerator-runtime\runtime.js:294:22)
    at Generator.next (C:\Users\teach\Desktop\Projects\Personal\Graduation_Backend\node_modules\regenerator-runtime\runtime.js:119:21)
    at asyncGeneratorStep (C:\Users\teach\Desktop\Projects\Personal\Graduation_Backend\services\token.service.js:16:103)
    at _next (C:\Users\teach\Desktop\Projects\Personal\Graduation_Backend\services\token.service.js:18:194)
    at C:\Users\teach\Desktop\Projects\Personal\Graduation_Backend\services\token.service.js:18:364
    at new Promise (<anonymous>)
    at Object.<anonymous> (C:\Users\teach\Desktop\Projects\Personal\Graduation_Backend\services\token.service.js:18:97)
    at Object.verifyToken (C:\Users\teach\Desktop\Projects\Personal\Graduation_Backend\services\/token.service.js:27:18)
    at _callee$ (C:\Users\teach\Desktop\Projects\Personal\Graduation_Backend\middlewares\/auth.js:12:32)
    at tryCatch (C:\Users\teach\Desktop\Projects\Personal\Graduation_Backend\node_modules\regenerator-runtime\runtime.js:63:40)
    at Generator.invoke [as _invoke] (C:\Users\teach\Desktop\Projects\Personal\Graduation_Backend\node_modules\regenerator-runtime\runtime.js:294:22)
error: 2021-09-03 07:49:16 PM GET /api/v1/user 500 - 14.236 ms - message: TokenExpiredError: jwt expired
    at C:\Users\teach\Desktop\Projects\Personal\Graduation_Backend\node_modules\jsonwebtoken\verify.js:152:21
    at getSecret (C:\Users\teach\Desktop\Projects\Personal\Graduation_Backend\node_modules\jsonwebtoken\verify.js:90:14)
    at Object.verify (C:\Users\teach\Desktop\Projects\Personal\Graduation_Backend\node_modules\jsonwebtoken\verify.js:94:10)
    at _callee$ (C:\Users\teach\Desktop\Projects\Personal\Graduation_Backend\services\/token.service.js:28:16)
    at tryCatch (C:\Users\teach\Desktop\Projects\Personal\Graduation_Backend\node_modules\regenerator-runtime\runtime.js:63:40)
    at Generator.invoke [as _invoke] (C:\Users\teach\Desktop\Projects\Personal\Graduation_Backend\node_modules\regenerator-runtime\runtime.js:294:22)
    at Generator.next (C:\Users\teach\Desktop\Projects\Personal\Graduation_Backend\node_modules\regenerator-runtime\runtime.js:119:21)
    at asyncGeneratorStep (C:\Users\teach\Desktop\Projects\Personal\Graduation_Backend\services\token.service.js:16:103)
    at _next (C:\Users\teach\Desktop\Projects\Personal\Graduation_Backend\services\token.service.js:18:194)
    at C:\Users\teach\Desktop\Projects\Personal\Graduation_Backend\services\token.service.js:18:364
    at new Promise (<anonymous>)
    at Object.<anonymous> (C:\Users\teach\Desktop\Projects\Personal\Graduation_Backend\services\token.service.js:18:97)
    at Object.verifyToken (C:\Users\teach\Desktop\Projects\Personal\Graduation_Backend\services\/token.service.js:27:18)
    at _callee$ (C:\Users\teach\Desktop\Projects\Personal\Graduation_Backend\middlewares\/auth.js:12:32)
    at tryCatch (C:\Users\teach\Desktop\Projects\Personal\Graduation_Backend\node_modules\regenerator-runtime\runtime.js:63:40)
    at Generator.invoke [as _invoke] (C:\Users\teach\Desktop\Projects\Personal\Graduation_Backend\node_modules\regenerator-runtime\runtime.js:294:22)
error: 2021-09-03 07:49:36 PM GET /api/v1/user 500 - 17.877 ms - message: jwt expired
error: 2021-09-03 07:49:46 PM GET /api/v1/user 500 - 10.538 ms - message: jwt expired
error: 2021-09-03 07:49:59 PM jwt expired
error: 2021-09-03 07:49:59 PM GET /api/v1/user 500 - 11.238 ms - message: jwt expired
error: 2021-09-03 07:50:16 PM GET /api/v1/user 500 - 8.465 ms - message: jwt expired
error: 2021-09-03 10:33:36 PM GET /api/v1/user 500 - 7.451 ms - message: jwt expired
error: 2021-09-03 10:34:09 PM GET /api/v1/user 500 - 9.986 ms - message: jwt expired
error: 2021-09-03 10:34:31 PM GET /api/v1/user 401 - 4.363 ms - message: Please authenticate
error: 2021-09-03 10:34:41 PM GET /api/v1/user 500 - 9.933 ms - message: jwt expired
error: 2021-09-03 10:35:33 PM GET /api/v1/user 401 - 7.333 ms - message: token expired
error: 2021-09-03 10:35:58 PM GET /api/v1/user 500 - 4.474 ms - message: token expired
error: 2021-09-03 10:36:09 PM GET /api/v1/user 401 - 4.956 ms - message: token expired
error: 2021-09-03 10:36:23 PM GET /api/v1/user 401 - 5.513 ms - message: token expired
error: 2021-09-03 10:37:08 PM GET /api/v1/user 401 - 5.463 ms - message: token expired
error: 2021-09-03 10:37:09 PM GET /api/v1/user 401 - 1.002 ms - message: token expired
error: 2021-09-03 10:37:10 PM GET /api/v1/user 401 - 0.626 ms - message: token expired
error: 2021-09-03 10:37:10 PM GET /api/v1/user 401 - 0.671 ms - message: token expired
error: 2021-09-03 10:37:10 PM GET /api/v1/user 401 - 0.495 ms - message: token expired
error: 2021-09-03 10:37:10 PM GET /api/v1/user 401 - 0.470 ms - message: token expired
error: 2021-09-03 10:37:10 PM GET /api/v1/user 401 - 0.526 ms - message: token expired
error: 2021-09-04 03:36:32 PM GET /api/v1/user 401 - 4.286 ms - message: token expired
error: 2021-09-04 03:36:55 PM GET /api/v1/user 400 - 23.203 ms - message: password must be at least 8 characters
error: 2021-09-04 03:52:30 PM POST /api/v1/user 400 - 6.404 ms - message: "email" is required, "password" is required, "name" is required
error: 2021-09-04 03:52:44 PM POST /api/v1/user 400 - 5.237 ms - message: "email" is required, "password" is required, "name" is required
error: 2021-09-04 03:52:53 PM POST /api/v1/user 400 - 12.230 ms - message: "email" is required, "password" is required, "name" is required
error: 2021-09-04 03:53:42 PM POST /api/v1/user 400 - 5.000 ms - message: "email" is required, "password" is required
error: 2021-09-04 03:53:58 PM POST /api/v1/user 400 - 10.972 ms - message: "password" is required
error: 2021-09-04 03:54:14 PM POST /api/v1/user 400 - 9.548 ms - message: "password" is not allowed to be empty
error: 2021-09-04 03:54:18 PM POST /api/v1/user 400 - 13.611 ms - message: password must be at least 8 characters
error: 2021-09-04 04:05:20 PM POST /api/v1/auth/login 401 - 11.401 ms - message: Incorrect email or password
error: 2021-09-04 04:05:31 PM GET /api/v1/user 401 - 5.680 ms - message: token expired
error: 2021-09-04 04:05:37 PM POST /api/v1/user 400 - 5.589 ms - message: "name" is required
error: 2021-09-04 04:08:15 PM GET /api/v1/user 401 - 4.463 ms - message: token expired
error: 2021-09-04 04:08:35 PM GET /api/v1/user/613336f68306654c8038dbf 400 - 5.585 ms - message: ""userId"" must be a valid mongo id
error: 2021-09-04 04:09:22 PM GET /api/v1/user/613336f68306654c8038dbf 400 - 4.059 ms - message: ""userId"" must be a valid mongo id
error: 2021-09-04 04:10:07 PM POST /api/v1/user 400 - 1.888 ms - message: "email" is required, "password" is required, "name" is required
error: 2021-09-04 04:15:36 PM DELETE /api/v1/user/613336f68306654c8038dbfc 400 - 10.041 ms - message: Cast to ObjectId failed for value "{ userId: '613336f68306654c8038dbfc' }" (type Object) at path "_id" for model "user"
error: 2021-09-04 04:16:44 PM DELETE /api/v1/user/613336f68306654c8038dbfc 400 - 13.855 ms - message: Cast to ObjectId failed for value "{ userId: '613336f68306654c8038dbfc' }" (type Object) at path "_id" for model "user"
error: 2021-09-04 04:17:16 PM DELETE /api/v1/user/613336f68306654c8038dbfc 400 - 15.960 ms - message: Cast to ObjectId failed for value "{ userId: '613336f68306654c8038dbfc' }" (type Object) at path "_id" for model "user"
error: 2021-09-04 04:19:43 PM DELETE /api/v1/user/613336f68306654c8038dbf 400 - 7.475 ms - message: ""userId"" must be a valid mongo id
error: 2021-09-04 04:20:37 PM PATCH /api/v1/user/613336f68306654c8038dbf 400 - 5.438 ms - message: ""userId"" must be a valid mongo id
error: 2021-09-04 04:20:41 PM PATCH /api/v1/user/613336f68306654c8038dbfc 404 - 39.543 ms - message: User not found
error: 2021-09-04 04:20:49 PM PATCH /api/v1/user/6131b3ecc84f8cf8cf645ff4 500 - 37.906 ms - message: user.findByIdAndUpdate is not a function
error: 2021-09-04 04:20:55 PM PATCH /api/v1/user/6131b3ecc84f8cf8cf645ff4 400 - 1.924 ms - message: "email" is required, "password" is required, "name" is required
error: 2021-09-04 04:28:02 PM PATCH /api/v1/user/6131b3ecc84f8cf8cf645ff4 500 - 13.934 ms - message: user.findByIdAndUpdate is not a function
error: 2021-09-04 04:34:29 PM PATCH /api/v1/auth/login 404 - 3.337 ms - message: route not found
error: 2021-09-04 04:34:44 PM GET /api/v1/user 401 - 10.977 ms - message: token expired
error: 2021-09-04 04:35:26 PM GET /api/v1/user 401 - 4.156 ms - message: Please authenticate
error: 2021-09-04 04:35:46 PM PUT /api/v1/user 404 - 4.889 ms - message: route not found
error: 2021-09-04 04:35:50 PM GET /api/v1/user 401 - 0.621 ms - message: Please authenticate
error: 2021-09-04 07:21:34 PM POST /api/v1/auth/loginsdaas 404 - 1.413 ms - message: route not found
error: 2021-09-04 07:22:17 PM POST /api/v1/auth/loginsdaas 404 - 3.419 ms - message: -
error: 2021-09-04 07:22:30 PM POST /api/v1/auth/loginsdaas 404 - 1.176 ms - message: route not found
error: 2021-09-04 07:23:16 PM POST /api/v1/auth/loginsdaas 404 - 2.414 ms - message: route not found
error: 2021-09-04 07:23:30 PM POST /api/v1/auth/loginsdaas 404 - 1.041 ms - message: route not found
error: 2021-09-04 07:24:06 PM POST /api/v1/auth/loginsdaas 404 - 1.090 ms - message: route not found
error: 2021-09-04 07:24:17 PM POST /api/v1/auth/loginsdaas 404 - 1.220 ms - message: route not found
error: 2021-09-04 07:24:23 PM POST /api/v1/auth/loginsdaas 404 - 2.269 ms - message: route not found
error: 2021-09-04 07:25:21 PM POST /api/v1/auth/loginsdaas 404 - 0.981 ms - message: route not found
error: 2021-09-04 07:25:21 PM POST /api/v1/auth/loginsdaas 404 - 0.736 ms - message: route not found
error: 2021-09-04 07:25:44 PM POST /api/v1/auth/login/sd 404 - 1.213 ms - message: route not found
error: 2021-09-04 07:32:43 PM GET /api/v1/user 401 - 13.241 ms - message: route not found
error: 2021-09-04 07:32:59 PM GET /api/v1/user 401 - 5.041 ms - message: token expired
error: 2021-09-04 07:33:18 PM GET /api/v1/user 401 - 6.940 ms - message: token expired
error: 2021-09-04 07:33:29 PM GET /api/v1/user 401 - 8.931 ms - message: token expired
error: 2021-09-04 07:33:45 PM GET /api/v1/user23 404 - 1.228 ms - message: route not found
error: 2021-09-04 07:34:30 PM GET /api/v1/user 500 - 4.522 ms - message: token expired
error: 2021-09-04 07:34:59 PM GET /api/v1/user 401 - 8.940 ms - message: token expired
error: 2021-09-04 07:35:59 PM GET /api/v1/user 401 - 5.495 ms - message: token expired
error: 2021-09-04 07:36:35 PM GET /api/v1/user 401 - 7.805 ms - message: token expired
error: 2021-09-04 07:37:22 PM GET /api/v1/user 401 - 9.868 ms - message: token expired
error: 2021-09-04 07:37:37 PM GET /api/v1/user 401 - 5.945 ms - message: token expired
error: 2021-09-04 08:48:00 PM POST /api/v1/user 400 - 7.403 ms - message: "email" is required, "password" is required, "name" is required
error: 2021-09-04 08:54:41 PM GET /api/v1/user/612f984d63c1add0861e7088 500 - 31.046 ms - message: user is not defined
error: 2021-09-05 08:26:18 AM POST /api/v1/user 400 - 9.045 ms - message: "name" is required
error: 2021-09-05 08:26:37 AM POST /api/v1/user 400 - 4.228 ms - message: password must be at least 8 characters
error: 2021-09-05 12:18:44 PM POST /api/v1/user 400 - 32.493 ms - message: Email already taken
error: 2021-09-05 12:22:53 PM POST /api/v1/user 401 - 2.591 ms - message: Please authenticate
error: 2021-09-05 12:23:03 PM POST /api/v1/user 401 - 2.976 ms - message: token expired
error: 2021-09-05 12:23:08 PM POST /api/v1/user 400 - 22.974 ms - message: Email already taken
error: 2021-09-05 12:44:37 PM POST /api/v1/auth/login 404 - 1.434 ms - message: route not found
error: 2021-09-05 12:45:06 PM POST /auth/login 401 - 15.449 ms - message: Incorrect email or password
error: 2021-09-05 03:32:13 PM GET /api/v1/user 401 - 2.772 ms - message: Please authenticate
error: 2021-09-05 03:32:33 PM POST /auth/login 401 - 8.581 ms - message: Incorrect email or password
error: 2021-09-05 03:33:02 PM POST /auth/login 401 - 3.143 ms - message: Incorrect email or password
error: 2021-09-05 03:33:58 PM POST /api/v1/user 400 - 4.631 ms - message: "firstName" is required, "lastName" is required, "phoneNumber" is required, "email" is required, "password" is required
error: 2021-09-05 03:36:45 PM POST /api/v1/user 400 - 5.221 ms - message: Email already taken
error: 2021-09-05 03:39:10 PM PATCH /api/v1/user 404 - 1.202 ms - message: route not found
error: 2021-09-05 03:39:49 PM PATCH /api/v1/user/6134818257326367ecb51030 401 - 3.717 ms - message: Please authenticate
error: 2021-09-05 03:40:08 PM POST /auth/login 401 - 78.847 ms - message: Incorrect email or password
error: 2021-09-05 03:40:28 PM PATCH /api/v1/user/6134818257326367ecb51030 401 - 1.372 ms - message: token expired
error: 2021-09-05 03:41:02 PM PATCH /api/v1/user/6134818257326367ecb51030 400 - 3.991 ms - message: "firstName" is required, "lastName" is required, "phoneNumber" is required, "email" is required, "password" is required
error: 2021-09-05 03:42:19 PM PATCH /api/v1/user/6134818257326367ecb51030 400 - 7.132 ms - message: "password" is required
error: 2021-09-05 03:42:42 PM POST /auth/login 401 - 70.408 ms - message: Incorrect email or password
error: 2021-09-05 04:02:58 PM GET /api/v1/user/61348526e0538865ac5f20b 400 - 15.914 ms - message: ""userId"" must be a valid mongo id
error: 2021-09-05 09:29:24 PM GET /api/v1/user 401 - 2.784 ms - message: Please authenticate
error: 2021-09-05 09:31:21 PM POST /api/v1/user 400 - 4.367 ms - message: "firstName" is required, "lastName" is required, "phoneNumber" is required, "name" is not allowed
error: 2021-09-05 09:32:25 PM POST /api/v1/user 400 - 2.830 ms - message: "profilePic" is not allowed, "type" is not allowed
error: 2021-09-05 09:33:06 PM POST /api/v1/user 400 - 15.370 ms - message: "profilePic" is not allowed to be empty
error: 2021-09-05 09:33:32 PM POST /api/v1/user 400 - 14.833 ms - message: "profilePic" is not allowed to be empty
error: 2021-09-05 09:33:53 PM POST /api/v1/user 400 - 15.305 ms - message: "profilePic" is not allowed to be empty
error: 2021-09-05 09:34:13 PM POST /api/v1/user 400 - 14.127 ms - message: "profilePic" is not allowed to be empty
error: 2021-09-05 09:34:33 PM POST /api/v1/user 400 - 18.399 ms - message: Email already taken
error: 2021-09-05 09:34:57 PM POST /api/v1/user 400 - 16.632 ms - message: "profilePic" is not allowed
error: 2021-09-05 09:35:14 PM POST /api/v1/user 400 - 15.117 ms - message: "profilePic" is not allowed to be empty
error: 2021-09-05 09:35:51 PM POST /api/v1/user 400 - 14.688 ms - message: "type" is not allowed to be empty, "profilePic" is not allowed
error: 2021-09-05 09:36:33 PM POST /api/v1/user 400 - 19.058 ms - message: Email already taken
error: 2021-09-05 09:36:41 PM POST /api/v1/user 500 - 89.899 ms - message: E11000 duplicate key error collection: GraduationProjectDB.users index: phoneNumber_1 dup key: { phoneNumber: "015876631" }
error: 2021-09-05 09:37:23 PM POST /api/v1/user 400 - 26.493 ms - message: user validation failed: phoneNumber: Path `phoneNumber` (`015876631232`) is longer than the maximum allowed length (10).
error: 2021-09-05 09:37:54 PM POST /api/v1/user 400 - 14.725 ms - message: "phoneNumber" length must be less than or equal to 10 characters long
error: 2021-09-05 09:54:31 PM POST /api/v1/user 500 - 97.771 ms - message: fetch is not defined
error: 2021-09-05 09:54:48 PM POST /api/v1/user 500 - 91.973 ms - message: fetch is not defined
error: 2021-09-05 09:57:08 PM POST /api/v1/user 400 - 14.961 ms - message: "type" must be one of [user, admin], "type" is not allowed to be empty
error: 2021-09-05 09:58:41 PM PATCH /api/v1/user/6134dae9d4d5725dd84861e5 400 - 7.380 ms - message: user validation failed: type: `user` is not a valid enum value for path `type`.
error: 2021-09-05 10:52:56 PM TypeError: _models.Category.paginate is not a function
    at _callee2$ (C:\Users\teach\Desktop\Projects\Personal\Graduation_Backend\services\/category.service.js:24:39)
    at tryCatch (C:\Users\teach\Desktop\Projects\Personal\Graduation_Backend\node_modules\regenerator-runtime\runtime.js:63:40)
    at Generator.invoke [as _invoke] (C:\Users\teach\Desktop\Projects\Personal\Graduation_Backend\node_modules\regenerator-runtime\runtime.js:294:22)
    at Generator.next (C:\Users\teach\Desktop\Projects\Personal\Graduation_Backend\node_modules\regenerator-runtime\runtime.js:119:21)
    at asyncGeneratorStep (C:\Users\teach\Desktop\Projects\Personal\Graduation_Backend\services\category.service.js:16:103)
    at _next (C:\Users\teach\Desktop\Projects\Personal\Graduation_Backend\services\category.service.js:18:194)
    at C:\Users\teach\Desktop\Projects\Personal\Graduation_Backend\services\category.service.js:18:364
    at new Promise (<anonymous>)
    at C:\Users\teach\Desktop\Projects\Personal\Graduation_Backend\services\category.service.js:18:97
    at queryCategories (C:\Users\teach\Desktop\Projects\Personal\Graduation_Backend\services\/category.service.js:23:22)
    at Layer.handle [as handle_request] (C:\Users\teach\Desktop\Projects\Personal\Graduation_Backend\node_modules\express\lib\router\layer.js:95:5)
    at next (C:\Users\teach\Desktop\Projects\Personal\Graduation_Backend\node_modules\express\lib\router\route.js:137:13)
    at Route.dispatch (C:\Users\teach\Desktop\Projects\Personal\Graduation_Backend\node_modules\express\lib\router\route.js:112:3)
    at Layer.handle [as handle_request] (C:\Users\teach\Desktop\Projects\Personal\Graduation_Backend\node_modules\express\lib\router\layer.js:95:5)
    at C:\Users\teach\Desktop\Projects\Personal\Graduation_Backend\node_modules\express\lib\router\index.js:281:22
    at Function.process_params (C:\Users\teach\Desktop\Projects\Personal\Graduation_Backend\node_modules\express\lib\router\index.js:335:12)
error: 2021-09-05 10:53:53 PM Error: cyclic dependency detected
    at serializeObject (C:\Users\teach\Desktop\Projects\Personal\Graduation_Backend\node_modules\bson\lib\bson\parser\serializer.js:333:34)
    at serializeInto (C:\Users\teach\Desktop\Projects\Personal\Graduation_Backend\node_modules\bson\lib\bson\parser\serializer.js:947:17)
    at serializeObject (C:\Users\teach\Desktop\Projects\Personal\Graduation_Backend\node_modules\bson\lib\bson\parser\serializer.js:347:18)
    at serializeInto (C:\Users\teach\Desktop\Projects\Personal\Graduation_Backend\node_modules\bson\lib\bson\parser\serializer.js:947:17)
    at serializeObject (C:\Users\teach\Desktop\Projects\Personal\Graduation_Backend\node_modules\bson\lib\bson\parser\serializer.js:347:18)
    at serializeInto (C:\Users\teach\Desktop\Projects\Personal\Graduation_Backend\node_modules\bson\lib\bson\parser\serializer.js:947:17)
    at serializeObject (C:\Users\teach\Desktop\Projects\Personal\Graduation_Backend\node_modules\bson\lib\bson\parser\serializer.js:347:18)
    at serializeInto (C:\Users\teach\Desktop\Projects\Personal\Graduation_Backend\node_modules\bson\lib\bson\parser\serializer.js:947:17)
    at serializeObject (C:\Users\teach\Desktop\Projects\Personal\Graduation_Backend\node_modules\bson\lib\bson\parser\serializer.js:347:18)
    at serializeInto (C:\Users\teach\Desktop\Projects\Personal\Graduation_Backend\node_modules\bson\lib\bson\parser\serializer.js:729:17)
    at serializeObject (C:\Users\teach\Desktop\Projects\Personal\Graduation_Backend\node_modules\bson\lib\bson\parser\serializer.js:347:18)
    at serializeInto (C:\Users\teach\Desktop\Projects\Personal\Graduation_Backend\node_modules\bson\lib\bson\parser\serializer.js:947:17)
    at BSON.serialize (C:\Users\teach\Desktop\Projects\Personal\Graduation_Backend\node_modules\bson\lib\bson\bson.js:64:28)
    at Msg.serializeBson (C:\Users\teach\Desktop\Projects\Personal\Graduation_Backend\node_modules\mongodb\lib\core\connection\msg.js:127:22)
    at Msg.makeDocumentSegment (C:\Users\teach\Desktop\Projects\Personal\Graduation_Backend\node_modules\mongodb\lib\core\connection\msg.js:119:33)
    at Msg.toBin (C:\Users\teach\Desktop\Projects\Personal\Graduation_Backend\node_modules\mongodb\lib\core\connection\msg.js:105:25)
error: 2021-09-05 10:55:56 PM Error: cyclic dependency detected
    at serializeObject (C:\Users\teach\Desktop\Projects\Personal\Graduation_Backend\node_modules\bson\lib\bson\parser\serializer.js:333:34)
    at serializeInto (C:\Users\teach\Desktop\Projects\Personal\Graduation_Backend\node_modules\bson\lib\bson\parser\serializer.js:947:17)
    at serializeObject (C:\Users\teach\Desktop\Projects\Personal\Graduation_Backend\node_modules\bson\lib\bson\parser\serializer.js:347:18)
    at serializeInto (C:\Users\teach\Desktop\Projects\Personal\Graduation_Backend\node_modules\bson\lib\bson\parser\serializer.js:947:17)
    at serializeObject (C:\Users\teach\Desktop\Projects\Personal\Graduation_Backend\node_modules\bson\lib\bson\parser\serializer.js:347:18)
    at serializeInto (C:\Users\teach\Desktop\Projects\Personal\Graduation_Backend\node_modules\bson\lib\bson\parser\serializer.js:947:17)
    at serializeObject (C:\Users\teach\Desktop\Projects\Personal\Graduation_Backend\node_modules\bson\lib\bson\parser\serializer.js:347:18)
    at serializeInto (C:\Users\teach\Desktop\Projects\Personal\Graduation_Backend\node_modules\bson\lib\bson\parser\serializer.js:947:17)
    at serializeObject (C:\Users\teach\Desktop\Projects\Personal\Graduation_Backend\node_modules\bson\lib\bson\parser\serializer.js:347:18)
    at serializeInto (C:\Users\teach\Desktop\Projects\Personal\Graduation_Backend\node_modules\bson\lib\bson\parser\serializer.js:729:17)
    at serializeObject (C:\Users\teach\Desktop\Projects\Personal\Graduation_Backend\node_modules\bson\lib\bson\parser\serializer.js:347:18)
    at serializeInto (C:\Users\teach\Desktop\Projects\Personal\Graduation_Backend\node_modules\bson\lib\bson\parser\serializer.js:947:17)
    at BSON.serialize (C:\Users\teach\Desktop\Projects\Personal\Graduation_Backend\node_modules\bson\lib\bson\bson.js:64:28)
    at Msg.serializeBson (C:\Users\teach\Desktop\Projects\Personal\Graduation_Backend\node_modules\mongodb\lib\core\connection\msg.js:127:22)
    at Msg.makeDocumentSegment (C:\Users\teach\Desktop\Projects\Personal\Graduation_Backend\node_modules\mongodb\lib\core\connection\msg.js:119:33)
    at Msg.toBin (C:\Users\teach\Desktop\Projects\Personal\Graduation_Backend\node_modules\mongodb\lib\core\connection\msg.js:105:25)
error: 2021-09-05 10:56:15 PM Error: cyclic dependency detected
    at serializeObject (C:\Users\teach\Desktop\Projects\Personal\Graduation_Backend\node_modules\bson\lib\bson\parser\serializer.js:333:34)
    at serializeInto (C:\Users\teach\Desktop\Projects\Personal\Graduation_Backend\node_modules\bson\lib\bson\parser\serializer.js:947:17)
    at serializeObject (C:\Users\teach\Desktop\Projects\Personal\Graduation_Backend\node_modules\bson\lib\bson\parser\serializer.js:347:18)
    at serializeInto (C:\Users\teach\Desktop\Projects\Personal\Graduation_Backend\node_modules\bson\lib\bson\parser\serializer.js:947:17)
    at serializeObject (C:\Users\teach\Desktop\Projects\Personal\Graduation_Backend\node_modules\bson\lib\bson\parser\serializer.js:347:18)
    at serializeInto (C:\Users\teach\Desktop\Projects\Personal\Graduation_Backend\node_modules\bson\lib\bson\parser\serializer.js:947:17)
    at serializeObject (C:\Users\teach\Desktop\Projects\Personal\Graduation_Backend\node_modules\bson\lib\bson\parser\serializer.js:347:18)
    at serializeInto (C:\Users\teach\Desktop\Projects\Personal\Graduation_Backend\node_modules\bson\lib\bson\parser\serializer.js:947:17)
    at serializeObject (C:\Users\teach\Desktop\Projects\Personal\Graduation_Backend\node_modules\bson\lib\bson\parser\serializer.js:347:18)
    at serializeInto (C:\Users\teach\Desktop\Projects\Personal\Graduation_Backend\node_modules\bson\lib\bson\parser\serializer.js:729:17)
    at serializeObject (C:\Users\teach\Desktop\Projects\Personal\Graduation_Backend\node_modules\bson\lib\bson\parser\serializer.js:347:18)
    at serializeInto (C:\Users\teach\Desktop\Projects\Personal\Graduation_Backend\node_modules\bson\lib\bson\parser\serializer.js:947:17)
    at BSON.serialize (C:\Users\teach\Desktop\Projects\Personal\Graduation_Backend\node_modules\bson\lib\bson\bson.js:64:28)
    at Msg.serializeBson (C:\Users\teach\Desktop\Projects\Personal\Graduation_Backend\node_modules\mongodb\lib\core\connection\msg.js:127:22)
    at Msg.makeDocumentSegment (C:\Users\teach\Desktop\Projects\Personal\Graduation_Backend\node_modules\mongodb\lib\core\connection\msg.js:119:33)
    at Msg.toBin (C:\Users\teach\Desktop\Projects\Personal\Graduation_Backend\node_modules\mongodb\lib\core\connection\msg.js:105:25)
error: 2021-09-05 10:57:54 PM Error: cyclic dependency detected
    at serializeObject (C:\Users\teach\Desktop\Projects\Personal\Graduation_Backend\node_modules\bson\lib\bson\parser\serializer.js:333:34)
    at serializeInto (C:\Users\teach\Desktop\Projects\Personal\Graduation_Backend\node_modules\bson\lib\bson\parser\serializer.js:947:17)
    at serializeObject (C:\Users\teach\Desktop\Projects\Personal\Graduation_Backend\node_modules\bson\lib\bson\parser\serializer.js:347:18)
    at serializeInto (C:\Users\teach\Desktop\Projects\Personal\Graduation_Backend\node_modules\bson\lib\bson\parser\serializer.js:947:17)
    at serializeObject (C:\Users\teach\Desktop\Projects\Personal\Graduation_Backend\node_modules\bson\lib\bson\parser\serializer.js:347:18)
    at serializeInto (C:\Users\teach\Desktop\Projects\Personal\Graduation_Backend\node_modules\bson\lib\bson\parser\serializer.js:947:17)
    at serializeObject (C:\Users\teach\Desktop\Projects\Personal\Graduation_Backend\node_modules\bson\lib\bson\parser\serializer.js:347:18)
    at serializeInto (C:\Users\teach\Desktop\Projects\Personal\Graduation_Backend\node_modules\bson\lib\bson\parser\serializer.js:947:17)
    at serializeObject (C:\Users\teach\Desktop\Projects\Personal\Graduation_Backend\node_modules\bson\lib\bson\parser\serializer.js:347:18)
    at serializeInto (C:\Users\teach\Desktop\Projects\Personal\Graduation_Backend\node_modules\bson\lib\bson\parser\serializer.js:729:17)
    at serializeObject (C:\Users\teach\Desktop\Projects\Personal\Graduation_Backend\node_modules\bson\lib\bson\parser\serializer.js:347:18)
    at serializeInto (C:\Users\teach\Desktop\Projects\Personal\Graduation_Backend\node_modules\bson\lib\bson\parser\serializer.js:947:17)
    at BSON.serialize (C:\Users\teach\Desktop\Projects\Personal\Graduation_Backend\node_modules\bson\lib\bson\bson.js:64:28)
    at Msg.serializeBson (C:\Users\teach\Desktop\Projects\Personal\Graduation_Backend\node_modules\mongodb\lib\core\connection\msg.js:127:22)
    at Msg.makeDocumentSegment (C:\Users\teach\Desktop\Projects\Personal\Graduation_Backend\node_modules\mongodb\lib\core\connection\msg.js:119:33)
    at Msg.toBin (C:\Users\teach\Desktop\Projects\Personal\Graduation_Backend\node_modules\mongodb\lib\core\connection\msg.js:105:25)
error: 2021-09-05 10:58:10 PM Error: cyclic dependency detected
    at serializeObject (C:\Users\teach\Desktop\Projects\Personal\Graduation_Backend\node_modules\bson\lib\bson\parser\serializer.js:333:34)
    at serializeInto (C:\Users\teach\Desktop\Projects\Personal\Graduation_Backend\node_modules\bson\lib\bson\parser\serializer.js:947:17)
    at serializeObject (C:\Users\teach\Desktop\Projects\Personal\Graduation_Backend\node_modules\bson\lib\bson\parser\serializer.js:347:18)
    at serializeInto (C:\Users\teach\Desktop\Projects\Personal\Graduation_Backend\node_modules\bson\lib\bson\parser\serializer.js:947:17)
    at serializeObject (C:\Users\teach\Desktop\Projects\Personal\Graduation_Backend\node_modules\bson\lib\bson\parser\serializer.js:347:18)
    at serializeInto (C:\Users\teach\Desktop\Projects\Personal\Graduation_Backend\node_modules\bson\lib\bson\parser\serializer.js:947:17)
    at serializeObject (C:\Users\teach\Desktop\Projects\Personal\Graduation_Backend\node_modules\bson\lib\bson\parser\serializer.js:347:18)
    at serializeInto (C:\Users\teach\Desktop\Projects\Personal\Graduation_Backend\node_modules\bson\lib\bson\parser\serializer.js:947:17)
    at serializeObject (C:\Users\teach\Desktop\Projects\Personal\Graduation_Backend\node_modules\bson\lib\bson\parser\serializer.js:347:18)
    at serializeInto (C:\Users\teach\Desktop\Projects\Personal\Graduation_Backend\node_modules\bson\lib\bson\parser\serializer.js:729:17)
    at serializeObject (C:\Users\teach\Desktop\Projects\Personal\Graduation_Backend\node_modules\bson\lib\bson\parser\serializer.js:347:18)
    at serializeInto (C:\Users\teach\Desktop\Projects\Personal\Graduation_Backend\node_modules\bson\lib\bson\parser\serializer.js:947:17)
    at BSON.serialize (C:\Users\teach\Desktop\Projects\Personal\Graduation_Backend\node_modules\bson\lib\bson\bson.js:64:28)
    at Msg.serializeBson (C:\Users\teach\Desktop\Projects\Personal\Graduation_Backend\node_modules\mongodb\lib\core\connection\msg.js:127:22)
    at Msg.makeDocumentSegment (C:\Users\teach\Desktop\Projects\Personal\Graduation_Backend\node_modules\mongodb\lib\core\connection\msg.js:119:33)
    at Msg.toBin (C:\Users\teach\Desktop\Projects\Personal\Graduation_Backend\node_modules\mongodb\lib\core\connection\msg.js:105:25)
error: 2021-09-05 10:58:51 PM Error: cyclic dependency detected
    at serializeObject (C:\Users\teach\Desktop\Projects\Personal\Graduation_Backend\node_modules\bson\lib\bson\parser\serializer.js:333:34)
    at serializeInto (C:\Users\teach\Desktop\Projects\Personal\Graduation_Backend\node_modules\bson\lib\bson\parser\serializer.js:947:17)
    at serializeObject (C:\Users\teach\Desktop\Projects\Personal\Graduation_Backend\node_modules\bson\lib\bson\parser\serializer.js:347:18)
    at serializeInto (C:\Users\teach\Desktop\Projects\Personal\Graduation_Backend\node_modules\bson\lib\bson\parser\serializer.js:947:17)
    at serializeObject (C:\Users\teach\Desktop\Projects\Personal\Graduation_Backend\node_modules\bson\lib\bson\parser\serializer.js:347:18)
    at serializeInto (C:\Users\teach\Desktop\Projects\Personal\Graduation_Backend\node_modules\bson\lib\bson\parser\serializer.js:947:17)
    at serializeObject (C:\Users\teach\Desktop\Projects\Personal\Graduation_Backend\node_modules\bson\lib\bson\parser\serializer.js:347:18)
    at serializeInto (C:\Users\teach\Desktop\Projects\Personal\Graduation_Backend\node_modules\bson\lib\bson\parser\serializer.js:947:17)
    at serializeObject (C:\Users\teach\Desktop\Projects\Personal\Graduation_Backend\node_modules\bson\lib\bson\parser\serializer.js:347:18)
    at serializeInto (C:\Users\teach\Desktop\Projects\Personal\Graduation_Backend\node_modules\bson\lib\bson\parser\serializer.js:729:17)
    at serializeObject (C:\Users\teach\Desktop\Projects\Personal\Graduation_Backend\node_modules\bson\lib\bson\parser\serializer.js:347:18)
    at serializeInto (C:\Users\teach\Desktop\Projects\Personal\Graduation_Backend\node_modules\bson\lib\bson\parser\serializer.js:947:17)
    at BSON.serialize (C:\Users\teach\Desktop\Projects\Personal\Graduation_Backend\node_modules\bson\lib\bson\bson.js:64:28)
    at Msg.serializeBson (C:\Users\teach\Desktop\Projects\Personal\Graduation_Backend\node_modules\mongodb\lib\core\connection\msg.js:127:22)
    at Msg.makeDocumentSegment (C:\Users\teach\Desktop\Projects\Personal\Graduation_Backend\node_modules\mongodb\lib\core\connection\msg.js:119:33)
    at Msg.toBin (C:\Users\teach\Desktop\Projects\Personal\Graduation_Backend\node_modules\mongodb\lib\core\connection\msg.js:105:25)
error: 2021-09-05 11:12:44 PM Error: cyclic dependency detected
    at serializeObject (C:\Users\teach\Desktop\Projects\Personal\Graduation_Backend\node_modules\bson\lib\bson\parser\serializer.js:333:34)
    at serializeInto (C:\Users\teach\Desktop\Projects\Personal\Graduation_Backend\node_modules\bson\lib\bson\parser\serializer.js:947:17)
    at serializeObject (C:\Users\teach\Desktop\Projects\Personal\Graduation_Backend\node_modules\bson\lib\bson\parser\serializer.js:347:18)
    at serializeInto (C:\Users\teach\Desktop\Projects\Personal\Graduation_Backend\node_modules\bson\lib\bson\parser\serializer.js:947:17)
    at serializeObject (C:\Users\teach\Desktop\Projects\Personal\Graduation_Backend\node_modules\bson\lib\bson\parser\serializer.js:347:18)
    at serializeInto (C:\Users\teach\Desktop\Projects\Personal\Graduation_Backend\node_modules\bson\lib\bson\parser\serializer.js:947:17)
    at serializeObject (C:\Users\teach\Desktop\Projects\Personal\Graduation_Backend\node_modules\bson\lib\bson\parser\serializer.js:347:18)
    at serializeInto (C:\Users\teach\Desktop\Projects\Personal\Graduation_Backend\node_modules\bson\lib\bson\parser\serializer.js:947:17)
    at serializeObject (C:\Users\teach\Desktop\Projects\Personal\Graduation_Backend\node_modules\bson\lib\bson\parser\serializer.js:347:18)
    at serializeInto (C:\Users\teach\Desktop\Projects\Personal\Graduation_Backend\node_modules\bson\lib\bson\parser\serializer.js:729:17)
    at serializeObject (C:\Users\teach\Desktop\Projects\Personal\Graduation_Backend\node_modules\bson\lib\bson\parser\serializer.js:347:18)
    at serializeInto (C:\Users\teach\Desktop\Projects\Personal\Graduation_Backend\node_modules\bson\lib\bson\parser\serializer.js:947:17)
    at BSON.serialize (C:\Users\teach\Desktop\Projects\Personal\Graduation_Backend\node_modules\bson\lib\bson\bson.js:64:28)
    at Msg.serializeBson (C:\Users\teach\Desktop\Projects\Personal\Graduation_Backend\node_modules\mongodb\lib\core\connection\msg.js:127:22)
    at Msg.makeDocumentSegment (C:\Users\teach\Desktop\Projects\Personal\Graduation_Backend\node_modules\mongodb\lib\core\connection\msg.js:119:33)
    at Msg.toBin (C:\Users\teach\Desktop\Projects\Personal\Graduation_Backend\node_modules\mongodb\lib\core\connection\msg.js:105:25)
error: 2021-09-05 11:14:06 PM Error: cyclic dependency detected
    at serializeObject (C:\Users\teach\Desktop\Projects\Personal\Graduation_Backend\node_modules\bson\lib\bson\parser\serializer.js:333:34)
    at serializeInto (C:\Users\teach\Desktop\Projects\Personal\Graduation_Backend\node_modules\bson\lib\bson\parser\serializer.js:947:17)
    at serializeObject (C:\Users\teach\Desktop\Projects\Personal\Graduation_Backend\node_modules\bson\lib\bson\parser\serializer.js:347:18)
    at serializeInto (C:\Users\teach\Desktop\Projects\Personal\Graduation_Backend\node_modules\bson\lib\bson\parser\serializer.js:947:17)
    at serializeObject (C:\Users\teach\Desktop\Projects\Personal\Graduation_Backend\node_modules\bson\lib\bson\parser\serializer.js:347:18)
    at serializeInto (C:\Users\teach\Desktop\Projects\Personal\Graduation_Backend\node_modules\bson\lib\bson\parser\serializer.js:947:17)
    at serializeObject (C:\Users\teach\Desktop\Projects\Personal\Graduation_Backend\node_modules\bson\lib\bson\parser\serializer.js:347:18)
    at serializeInto (C:\Users\teach\Desktop\Projects\Personal\Graduation_Backend\node_modules\bson\lib\bson\parser\serializer.js:947:17)
    at serializeObject (C:\Users\teach\Desktop\Projects\Personal\Graduation_Backend\node_modules\bson\lib\bson\parser\serializer.js:347:18)
    at serializeInto (C:\Users\teach\Desktop\Projects\Personal\Graduation_Backend\node_modules\bson\lib\bson\parser\serializer.js:729:17)
    at serializeObject (C:\Users\teach\Desktop\Projects\Personal\Graduation_Backend\node_modules\bson\lib\bson\parser\serializer.js:347:18)
    at serializeInto (C:\Users\teach\Desktop\Projects\Personal\Graduation_Backend\node_modules\bson\lib\bson\parser\serializer.js:947:17)
    at BSON.serialize (C:\Users\teach\Desktop\Projects\Personal\Graduation_Backend\node_modules\bson\lib\bson\bson.js:64:28)
    at Msg.serializeBson (C:\Users\teach\Desktop\Projects\Personal\Graduation_Backend\node_modules\mongodb\lib\core\connection\msg.js:127:22)
    at Msg.makeDocumentSegment (C:\Users\teach\Desktop\Projects\Personal\Graduation_Backend\node_modules\mongodb\lib\core\connection\msg.js:119:33)
    at Msg.toBin (C:\Users\teach\Desktop\Projects\Personal\Graduation_Backend\node_modules\mongodb\lib\core\connection\msg.js:105:25)
error: 2021-09-05 11:16:20 PM Error: cyclic dependency detected
    at serializeObject (C:\Users\teach\Desktop\Projects\Personal\Graduation_Backend\node_modules\bson\lib\bson\parser\serializer.js:333:34)
    at serializeInto (C:\Users\teach\Desktop\Projects\Personal\Graduation_Backend\node_modules\bson\lib\bson\parser\serializer.js:947:17)
    at serializeObject (C:\Users\teach\Desktop\Projects\Personal\Graduation_Backend\node_modules\bson\lib\bson\parser\serializer.js:347:18)
    at serializeInto (C:\Users\teach\Desktop\Projects\Personal\Graduation_Backend\node_modules\bson\lib\bson\parser\serializer.js:947:17)
    at serializeObject (C:\Users\teach\Desktop\Projects\Personal\Graduation_Backend\node_modules\bson\lib\bson\parser\serializer.js:347:18)
    at serializeInto (C:\Users\teach\Desktop\Projects\Personal\Graduation_Backend\node_modules\bson\lib\bson\parser\serializer.js:947:17)
    at serializeObject (C:\Users\teach\Desktop\Projects\Personal\Graduation_Backend\node_modules\bson\lib\bson\parser\serializer.js:347:18)
    at serializeInto (C:\Users\teach\Desktop\Projects\Personal\Graduation_Backend\node_modules\bson\lib\bson\parser\serializer.js:947:17)
    at serializeObject (C:\Users\teach\Desktop\Projects\Personal\Graduation_Backend\node_modules\bson\lib\bson\parser\serializer.js:347:18)
    at serializeInto (C:\Users\teach\Desktop\Projects\Personal\Graduation_Backend\node_modules\bson\lib\bson\parser\serializer.js:729:17)
    at serializeObject (C:\Users\teach\Desktop\Projects\Personal\Graduation_Backend\node_modules\bson\lib\bson\parser\serializer.js:347:18)
    at serializeInto (C:\Users\teach\Desktop\Projects\Personal\Graduation_Backend\node_modules\bson\lib\bson\parser\serializer.js:947:17)
    at BSON.serialize (C:\Users\teach\Desktop\Projects\Personal\Graduation_Backend\node_modules\bson\lib\bson\bson.js:64:28)
    at Msg.serializeBson (C:\Users\teach\Desktop\Projects\Personal\Graduation_Backend\node_modules\mongodb\lib\core\connection\msg.js:127:22)
    at Msg.makeDocumentSegment (C:\Users\teach\Desktop\Projects\Personal\Graduation_Backend\node_modules\mongodb\lib\core\connection\msg.js:119:33)
    at Msg.toBin (C:\Users\teach\Desktop\Projects\Personal\Graduation_Backend\node_modules\mongodb\lib\core\connection\msg.js:105:25)
error: 2021-09-05 11:17:43 PM Error: cyclic dependency detected
    at serializeObject (C:\Users\teach\Desktop\Projects\Personal\Graduation_Backend\node_modules\bson\lib\bson\parser\serializer.js:333:34)
    at serializeInto (C:\Users\teach\Desktop\Projects\Personal\Graduation_Backend\node_modules\bson\lib\bson\parser\serializer.js:947:17)
    at serializeObject (C:\Users\teach\Desktop\Projects\Personal\Graduation_Backend\node_modules\bson\lib\bson\parser\serializer.js:347:18)
    at serializeInto (C:\Users\teach\Desktop\Projects\Personal\Graduation_Backend\node_modules\bson\lib\bson\parser\serializer.js:947:17)
    at serializeObject (C:\Users\teach\Desktop\Projects\Personal\Graduation_Backend\node_modules\bson\lib\bson\parser\serializer.js:347:18)
    at serializeInto (C:\Users\teach\Desktop\Projects\Personal\Graduation_Backend\node_modules\bson\lib\bson\parser\serializer.js:947:17)
    at serializeObject (C:\Users\teach\Desktop\Projects\Personal\Graduation_Backend\node_modules\bson\lib\bson\parser\serializer.js:347:18)
    at serializeInto (C:\Users\teach\Desktop\Projects\Personal\Graduation_Backend\node_modules\bson\lib\bson\parser\serializer.js:947:17)
    at serializeObject (C:\Users\teach\Desktop\Projects\Personal\Graduation_Backend\node_modules\bson\lib\bson\parser\serializer.js:347:18)
    at serializeInto (C:\Users\teach\Desktop\Projects\Personal\Graduation_Backend\node_modules\bson\lib\bson\parser\serializer.js:729:17)
    at serializeObject (C:\Users\teach\Desktop\Projects\Personal\Graduation_Backend\node_modules\bson\lib\bson\parser\serializer.js:347:18)
    at serializeInto (C:\Users\teach\Desktop\Projects\Personal\Graduation_Backend\node_modules\bson\lib\bson\parser\serializer.js:947:17)
    at BSON.serialize (C:\Users\teach\Desktop\Projects\Personal\Graduation_Backend\node_modules\bson\lib\bson\bson.js:64:28)
    at Msg.serializeBson (C:\Users\teach\Desktop\Projects\Personal\Graduation_Backend\node_modules\mongodb\lib\core\connection\msg.js:127:22)
    at Msg.makeDocumentSegment (C:\Users\teach\Desktop\Projects\Personal\Graduation_Backend\node_modules\mongodb\lib\core\connection\msg.js:119:33)
    at Msg.toBin (C:\Users\teach\Desktop\Projects\Personal\Graduation_Backend\node_modules\mongodb\lib\core\connection\msg.js:105:25)
error: 2021-09-06 12:16:20 PM Error: cyclic dependency detected
    at serializeObject (C:\Users\teach\Desktop\Projects\Personal\Graduation_Backend\node_modules\bson\lib\bson\parser\serializer.js:333:34)
    at serializeInto (C:\Users\teach\Desktop\Projects\Personal\Graduation_Backend\node_modules\bson\lib\bson\parser\serializer.js:947:17)
    at serializeObject (C:\Users\teach\Desktop\Projects\Personal\Graduation_Backend\node_modules\bson\lib\bson\parser\serializer.js:347:18)
    at serializeInto (C:\Users\teach\Desktop\Projects\Personal\Graduation_Backend\node_modules\bson\lib\bson\parser\serializer.js:947:17)
    at serializeObject (C:\Users\teach\Desktop\Projects\Personal\Graduation_Backend\node_modules\bson\lib\bson\parser\serializer.js:347:18)
    at serializeInto (C:\Users\teach\Desktop\Projects\Personal\Graduation_Backend\node_modules\bson\lib\bson\parser\serializer.js:947:17)
    at serializeObject (C:\Users\teach\Desktop\Projects\Personal\Graduation_Backend\node_modules\bson\lib\bson\parser\serializer.js:347:18)
    at serializeInto (C:\Users\teach\Desktop\Projects\Personal\Graduation_Backend\node_modules\bson\lib\bson\parser\serializer.js:947:17)
    at serializeObject (C:\Users\teach\Desktop\Projects\Personal\Graduation_Backend\node_modules\bson\lib\bson\parser\serializer.js:347:18)
    at serializeInto (C:\Users\teach\Desktop\Projects\Personal\Graduation_Backend\node_modules\bson\lib\bson\parser\serializer.js:729:17)
    at serializeObject (C:\Users\teach\Desktop\Projects\Personal\Graduation_Backend\node_modules\bson\lib\bson\parser\serializer.js:347:18)
    at serializeInto (C:\Users\teach\Desktop\Projects\Personal\Graduation_Backend\node_modules\bson\lib\bson\parser\serializer.js:947:17)
    at BSON.serialize (C:\Users\teach\Desktop\Projects\Personal\Graduation_Backend\node_modules\bson\lib\bson\bson.js:64:28)
    at Msg.serializeBson (C:\Users\teach\Desktop\Projects\Personal\Graduation_Backend\node_modules\mongodb\lib\core\connection\msg.js:127:22)
    at Msg.makeDocumentSegment (C:\Users\teach\Desktop\Projects\Personal\Graduation_Backend\node_modules\mongodb\lib\core\connection\msg.js:119:33)
    at Msg.toBin (C:\Users\teach\Desktop\Projects\Personal\Graduation_Backend\node_modules\mongodb\lib\core\connection\msg.js:105:25)
error: 2021-09-06 12:19:20 PM ValidationError: categories validation failed: remark: Path `remark` is required., name: Path `name` is required.
    at model.Document.invalidate (C:\Users\teach\Desktop\Projects\Personal\Graduation_Backend\node_modules\mongoose\lib\document.js:2760:32)
    at C:\Users\teach\Desktop\Projects\Personal\Graduation_Backend\node_modules\mongoose\lib\document.js:2552:17
    at C:\Users\teach\Desktop\Projects\Personal\Graduation_Backend\node_modules\mongoose\lib\schematype.js:1273:9
    at processTicksAndRejections (internal/process/task_queues.js:77:11)
error: 2021-09-06 12:20:42 PM ValidationError: categories validation failed: name: Path `name` is required.
    at model.Document.invalidate (C:\Users\teach\Desktop\Projects\Personal\Graduation_Backend\node_modules\mongoose\lib\document.js:2760:32)
    at C:\Users\teach\Desktop\Projects\Personal\Graduation_Backend\node_modules\mongoose\lib\document.js:2552:17
    at C:\Users\teach\Desktop\Projects\Personal\Graduation_Backend\node_modules\mongoose\lib\schematype.js:1273:9
    at processTicksAndRejections (internal/process/task_queues.js:77:11)
error: 2021-09-06 12:21:21 PM ValidationError: categories validation failed: name: Path `name` is required.
    at model.Document.invalidate (C:\Users\teach\Desktop\Projects\Personal\Graduation_Backend\node_modules\mongoose\lib\document.js:2760:32)
    at C:\Users\teach\Desktop\Projects\Personal\Graduation_Backend\node_modules\mongoose\lib\document.js:2552:17
    at C:\Users\teach\Desktop\Projects\Personal\Graduation_Backend\node_modules\mongoose\lib\schematype.js:1273:9
    at processTicksAndRejections (internal/process/task_queues.js:77:11)
error: 2021-09-06 12:23:56 PM ValidationError: categories validation failed: name: Path `name` is required.
    at model.Document.invalidate (C:\Users\teach\Desktop\Projects\Personal\Graduation_Backend\node_modules\mongoose\lib\document.js:2760:32)
    at C:\Users\teach\Desktop\Projects\Personal\Graduation_Backend\node_modules\mongoose\lib\document.js:2552:17
    at C:\Users\teach\Desktop\Projects\Personal\Graduation_Backend\node_modules\mongoose\lib\schematype.js:1273:9
    at processTicksAndRejections (internal/process/task_queues.js:77:11)
error: 2021-09-06 12:24:15 PM ValidationError: categories validation failed: name: Path `name` is required.
    at model.Document.invalidate (C:\Users\teach\Desktop\Projects\Personal\Graduation_Backend\node_modules\mongoose\lib\document.js:2760:32)
    at C:\Users\teach\Desktop\Projects\Personal\Graduation_Backend\node_modules\mongoose\lib\document.js:2552:17
    at C:\Users\teach\Desktop\Projects\Personal\Graduation_Backend\node_modules\mongoose\lib\schematype.js:1273:9
    at processTicksAndRejections (internal/process/task_queues.js:77:11)
error: 2021-09-06 12:25:23 PM ValidationError: categories validation failed: name: Path `name` is required.
    at model.Document.invalidate (C:\Users\teach\Desktop\Projects\Personal\Graduation_Backend\node_modules\mongoose\lib\document.js:2760:32)
    at C:\Users\teach\Desktop\Projects\Personal\Graduation_Backend\node_modules\mongoose\lib\document.js:2552:17
    at C:\Users\teach\Desktop\Projects\Personal\Graduation_Backend\node_modules\mongoose\lib\schematype.js:1273:9
    at processTicksAndRejections (internal/process/task_queues.js:77:11)
error: 2021-09-06 07:41:56 PM ValidationError: categories validation failed: name: Path `name` is required.
    at model.Document.invalidate (C:\Users\teach\Desktop\Projects\Personal\Graduation_Backend\node_modules\mongoose\lib\document.js:2760:32)
    at C:\Users\teach\Desktop\Projects\Personal\Graduation_Backend\node_modules\mongoose\lib\document.js:2552:17
    at C:\Users\teach\Desktop\Projects\Personal\Graduation_Backend\node_modules\mongoose\lib\schematype.js:1273:9
    at processTicksAndRejections (internal/process/task_queues.js:77:11)
error: 2021-09-06 07:43:19 PM ValidationError: categories validation failed: name: Path `name` is required.
    at model.Document.invalidate (C:\Users\teach\Desktop\Projects\Personal\Graduation_Backend\node_modules\mongoose\lib\document.js:2760:32)
    at C:\Users\teach\Desktop\Projects\Personal\Graduation_Backend\node_modules\mongoose\lib\document.js:2552:17
    at C:\Users\teach\Desktop\Projects\Personal\Graduation_Backend\node_modules\mongoose\lib\schematype.js:1273:9
    at processTicksAndRejections (internal/process/task_queues.js:77:11)
error: 2021-09-06 07:45:45 PM GET /api/v1/category 500 - 7.717 ms - message: pick is not defined
error: 2021-09-06 08:35:18 PM GET /api/v1/category/34 400 - 2.515 ms - message: ""categoryId"" must be a valid mongo id
error: 2021-09-06 08:35:29 PM DELETE /api/v1/category/61360d6f0ba493868014092 400 - 1.607 ms - message: ""categoryId"" must be a valid mongo id
error: 2021-09-06 08:35:31 PM DELETE /api/v1/category/61360d6f0ba493868014092v 400 - 0.803 ms - message: ""categoryId"" must be a valid mongo id
error: 2021-09-06 08:40:21 PM GET /api/v1/category/61360d6f0ba493868014092c 401 - 3.160 ms - message: Please authenticate
error: 2021-09-06 09:32:12 PM GET /api/v1/category 500 - 20.642 ms - message: _models.Category.paginate is not a function
error: 2021-09-07 04:56:16 PM GET /api/v1/shop 500 - 17.891 ms - message: _services.shopService.queryUsers is not a function
error: 2021-09-07 04:59:26 PM POST /api/v1/shop 500 - 26.649 ms - message: E11000 duplicate key error collection: GraduationProjectDB.shops index: categories.name_1 dup key: { categories.name: null }
error: 2021-09-07 06:40:16 PM PATCH /api/v1/shop/6137377d06a5008f34f71146 500 - 11.832 ms - message: Cannot read property 'findByIdAndUpdate' of undefined
error: 2021-09-07 06:40:45 PM PATCH /api/v1/shop/6137377d06a5008f34f71146 500 - 9.557 ms - message: Cannot create property 'updatedAt' on string '61360d6f0ba493868014092c'
error: 2021-09-07 06:41:19 PM GET /api/v1/category 401 - 1.391 ms - message: Please authenticate
error: 2021-09-07 06:43:01 PM PATCH /api/v1/category/61360e2a5eb26f7d184d8580 400 - 4.340 ms - message: "isActive" is not allowed, "createdAt" is not allowed, "updatedAt" is not allowed, "id" is not allowed
error: 2021-09-07 07:02:48 PM POST /api/v1/shop 500 - 9.280 ms - message: E11000 duplicate key error collection: GraduationProjectDB.shops index: categories.name_1 dup key: { categories.name: null }
error: 2021-09-07 08:41:59 PM GET /api/v1/shop/613753e7e060b30188129bc 400 - 3.117 ms - message: ""shopId"" must be a valid mongo id
error: 2021-09-07 08:42:04 PM GET /api/v1/shop/613753e7e060b30188129bcc2 400 - 0.890 ms - message: ""shopId"" must be a valid mongo id
error: 2021-09-07 08:45:51 PM POST /api/v1/shop 400 - 0.739 ms - message: "name" is required, "categories" is required
error: 2021-09-07 08:45:59 PM POST /api/v1/shop 400 - 0.678 ms - message: "categories" is required
error: 2021-09-07 08:46:07 PM POST /api/v1/shop 400 - 1.628 ms - message: "categories" failed custom validation because value.match is not a function
error: 2021-09-07 08:46:52 PM POST /api/v1/shop 400 - 0.746 ms - message: "categories" failed custom validation because value.match is not a function
error: 2021-09-07 08:48:22 PM POST /api/v1/shop 400 - 4.870 ms - message: "categories" does not contain 1 required value(s)
error: 2021-09-07 08:48:26 PM POST /api/v1/shop 500 - 18.873 ms - message: E11000 duplicate key error collection: GraduationProjectDB.shops index: categories.name_1 dup key: { categories.name: null }
error: 2021-09-07 08:49:04 PM POST /api/v1/shop 500 - 4.608 ms - message: E11000 duplicate key error collection: GraduationProjectDB.shops index: categories.name_1 dup key: { categories.name: null }
error: 2021-09-07 08:49:20 PM POST /api/v1/shop 500 - 3.738 ms - message: E11000 duplicate key error collection: GraduationProjectDB.shops index: categories.name_1 dup key: { categories.name: null }
error: 2021-09-07 09:34:57 PM POST /api/v1/shop 500 - 3.846 ms - message: E11000 duplicate key error collection: GraduationProjectDB.shops index: categories.name_1 dup key: { categories.name: null }
error: 2021-09-07 09:35:13 PM POST /api/v1/shop 500 - 21.078 ms - message: E11000 duplicate key error collection: GraduationProjectDB.shops index: categories.name_1 dup key: { categories.name: null }
error: 2021-09-07 09:35:57 PM POST /api/v1/shop 500 - 19.918 ms - message: E11000 duplicate key error collection: GraduationProjectDB.shops index: categories.name_1 dup key: { categories.name: null }
error: 2021-09-07 09:36:08 PM POST /api/v1/shop 500 - 4.353 ms - message: E11000 duplicate key error collection: GraduationProjectDB.shops index: categories.name_1 dup key: { categories.name: null }
error: 2021-09-07 09:37:05 PM POST /api/v1/category 400 - 11.409 ms - message: "remark" is not allowed to be empty
error: 2021-09-07 09:42:09 PM POST /api/v1/category 400 - 16.453 ms - message: Name already existed
error: 2021-09-07 09:47:18 PM GET /api/v1/shop 401 - 2.659 ms - message: Please authenticate
error: 2021-09-07 09:47:35 PM GET /api/v1/shop 401 - 2.059 ms - message: token expired
error: 2021-09-07 09:47:41 PM GET /api/v1/shop 401 - 0.336 ms - message: Please authenticate
error: 2021-09-07 11:46:20 PM GET /api/v1/shop 401 - 2.752 ms - message: Please authenticate
error: 2021-09-07 11:47:06 PM PATCH /api/v1/rate/61377971c44db96ad4d15cbe 400 - 2.668 ms - message: "level" is required, "user" is required, "sellCompany" is required, "name" is not allowed, "logo" is not allowed, "categories" is not allowed
error: 2021-09-07 11:47:14 PM POST /api/v1/rate 400 - 0.828 ms - message: "level" is required, "user" is required, "sellCompany" is required, "logo" is not allowed, "name" is not allowed, "categories" is not allowed
error: 2021-09-07 11:47:56 PM POST /api/v1/rate 400 - 1.015 ms - message: "level" must be less than or equal to 5
error: 2021-09-07 11:50:23 PM GET /api/v1/rate 400 - 28.150 ms - message: Schema hasn't been registered for model "users".
Use mongoose.model(name, schema)
error: 2021-09-07 11:51:16 PM GET /api/v1/rate 400 - 27.666 ms - message: Schema hasn't been registered for model "user".
Use mongoose.model(name, schema)
error: 2021-09-07 11:51:53 PM POST /api/v1/rate 400 - 3.011 ms - message: "user" must be a string
error: 2021-09-07 11:58:51 PM GET /api/v1/user 401 - 4.524 ms - message: token expired
error: 2021-09-07 11:59:37 PM GET /api/v1/user 401 - 1.050 ms - message: token expired
error: 2021-09-07 11:59:41 PM GET /api/v1/user 401 - 0.609 ms - message: token expired
error: 2021-09-07 11:59:42 PM GET /api/v1/user 401 - 0.581 ms - message: token expired
error: 2021-09-07 11:59:42 PM GET /api/v1/user 401 - 0.574 ms - message: token expired
error: 2021-09-07 11:59:42 PM GET /api/v1/user 401 - 0.645 ms - message: token expired
error: 2021-09-07 11:59:42 PM GET /api/v1/user 401 - 0.592 ms - message: token expired
error: 2021-09-07 11:59:42 PM GET /api/v1/user 401 - 0.557 ms - message: token expired
error: 2021-09-08 12:00:28 AM GET /api/v1/user 401 - 0.677 ms - message: token expired
error: 2021-09-08 12:00:31 AM GET /api/v1/user 401 - 0.294 ms - message: Please authenticate
error: 2021-09-08 12:00:33 AM GET /api/v1/user 401 - 0.522 ms - message: token expired
error: 2021-09-08 12:01:10 AM GET /api/v1/user 401 - 5.233 ms - message: token expired
error: 2021-09-08 12:01:19 AM GET /api/v1/shop 401 - 1.154 ms - message: token expired
error: 2021-09-08 12:01:38 AM GET /api/v1/shop 401 - 1.201 ms - message: token expired
error: 2021-09-08 12:02:43 AM GET /api/v1/user 401 - 8.243 ms - message: token expired
error: 2021-09-08 12:04:12 AM GET /api/v1/user 401 - 21.601 ms - message: token expired
error: 2021-09-08 12:04:57 AM GET /api/v1/category 401 - 6.554 ms - message: token expired
error: 2021-09-08 12:05:03 AM GET /api/v1/category 401 - 5.333 ms - message: token expired
error: 2021-09-08 12:06:06 AM GET /api/v1/category 401 - 17.225 ms - message: token expired
error: 2021-09-08 12:06:46 AM GET /api/v1/user 401 - 23.319 ms - message: token expired
error: 2021-09-08 12:07:09 AM GET /api/v1/user 401 - 22.219 ms - message: token expired
error: 2021-09-08 12:09:02 AM GET /api/v1/user 401 - 17.468 ms - message: token expired
error: 2021-09-08 12:09:34 AM GET /api/v1/user 401 - 23.321 ms - message: token expired
error: 2021-09-08 12:09:59 AM GET /api/v1/user 401 - 8.125 ms - message: token expired
error: 2021-09-08 12:10:06 AM GET /api/v1/user 401 - 0.410 ms - message: Please authenticate
error: 2021-09-08 12:10:39 AM GET /api/v1/user 401 - 7.334 ms - message: token expired
error: 2021-09-08 12:11:10 AM GET /api/v1/user 401 - 14.404 ms - message: token expired
error: 2021-09-08 12:12:03 AM GET /api/v1/shops 404 - 1.620 ms - message: route not found
error: 2021-09-08 12:12:36 AM GET /api/v1/rate 401 - 2.668 ms - message: Please authenticate
error: 2021-09-08 08:25:50 PM GET /api/v1/service 500 - 10.437 ms - message: _services.serviceService.catchAsync is not a function
error: 2021-09-08 08:26:22 PM GET /api/v1/service 400 - 11.625 ms - message: service validation failed: sellCompany: Path `sellCompany` is required., name: Path `name` is required.
error: 2021-09-08 08:27:52 PM POST /api/v1/service 400 - 11.682 ms - message: service validation failed: sellCompany: Path `sellCompany` is required.
error: 2021-09-08 08:28:21 PM GET /api/v1/service 400 - 17.950 ms - message: Schema hasn't been registered for model "shop".
Use mongoose.model(name, schema)
error: 2021-09-08 08:52:10 PM GET /api/v1/service/6138ba71c1a61c66e43c300 400 - 3.927 ms - message: ""serviceId"" must be a valid mongo id
error: 2021-09-08 08:52:25 PM GET /api/v1/service/6138ba71c1a61c66e43c300 400 - 1.143 ms - message: ""serviceId"" must be a valid mongo id
error: 2021-09-08 08:53:11 PM POST /api/v1/service 400 - 2.305 ms - message: "name" is required, "sellCompany" is required
error: 2021-09-08 08:53:19 PM POST /api/v1/service 400 - 1.490 ms - message: "sellCompany" is required
error: 2021-09-08 08:55:37 PM GET /api/v1/service/6138c053abd67b6e6c314090 401 - 3.302 ms - message: Please authenticate
error: 2021-09-08 08:55:44 PM GET /api/v1/service/6138c053abd67b6e6c314090 401 - 2.003 ms - message: token expired
error: 2021-09-08 10:38:33 PM GET /api/v1/appointment 401 - 2.649 ms - message: Please authenticate
error: 2021-09-08 10:40:02 PM GET /api/v1/appointment 400 - 16.099 ms - message: Schema hasn't been registered for model "services".
Use mongoose.model(name, schema)
error: 2021-09-08 10:59:19 PM POST /api/v1/appointment 400 - 5.065 ms - message: "userId" is required, "sellCompany" is required, "services" is required, "totalAmount" is required
error: 2021-09-08 10:59:38 PM GET /api/v1/appointment/6138d944d2b9419c643ae0d4 400 - 3.031 ms - message: "appointmentId" is required, "serviceId" is not allowed
error: 2021-09-08 11:01:07 PM GET /api/v1/appointment/6138d944d2b9419c643ae0d 400 - 4.933 ms - message: ""appointmentId"" must be a valid mongo id
error: 2021-09-15 04:53:34 PM GET /api/v1/user 401 - 4.895 ms - message: token expired
error: 2021-09-15 05:01:01 PM POST /api/v1/auth/login 401 - 32.146 ms - message: Incorrect email or password
error: 2021-09-15 05:01:18 PM POST /api/v1/auth/login 401 - 4.405 ms - message: Incorrect email or password
error: 2021-09-15 05:01:30 PM POST /api/v1/auth/login 401 - 95.533 ms - message: Incorrect email or password
error: 2021-09-15 05:01:35 PM POST /api/v1/auth/login 401 - 95.007 ms - message: Incorrect email or password
error: 2021-09-15 05:01:46 PM POST /api/v1/auth/login 401 - 94.062 ms - message: Incorrect email or password
error: 2021-09-15 05:02:03 PM POST /api/v1/auth/login 401 - 94.983 ms - message: Incorrect email or password
error: 2021-09-15 05:02:56 PM GET /api/v1/user?firstname=chhay 400 - 5.596 ms - message: "firstname" is not allowed
error: 2021-09-15 05:04:30 PM GET /api/v1/user/61348aa43e39be52de52995b 401 - 3.174 ms - message: token expired
error: 2021-09-15 09:30:16 PM POST /api/v1/auth/login 401 - 79.483 ms - message: Incorrect email or password
error: 2021-09-15 09:30:41 PM POST /api/v1/auth/login 401 - 66.760 ms - message: Incorrect email or password
error: 2021-09-15 09:30:44 PM POST /api/v1/auth/login 401 - 67.030 ms - message: Incorrect email or password
error: 2021-09-15 09:30:51 PM POST /api/v1/auth/login 401 - 69.356 ms - message: Incorrect email or password
error: 2021-09-15 09:35:00 PM GET /api/v1/user 401 - 5.019 ms - message: token expired
error: 2021-09-17 12:35:10 PM POST /api/v1/auth/login 401 - 23.797 ms - message: Incorrect email or password
error: 2021-09-17 12:35:17 PM POST /api/v1/auth/login 401 - 3.599 ms - message: Incorrect email or password
error: 2021-09-17 12:36:42 PM POST /api/v1/user 400 - 5.300 ms - message: "firstName" is required, "lastName" is required, "phoneNumber" is required, "email" is required, "password" is required
error: 2021-09-17 12:37:37 PM POST /api/v1/user 400 - 3.018 ms - message: password must be at least 8 characters
error: 2021-09-17 12:37:45 PM POST /api/v1/auth/login 401 - 142.142 ms - message: Incorrect email or password
error: 2021-09-17 12:40:43 PM POST /api/v1/auth/login 401 - 56.550 ms - message: Incorrect email or password
error: 2021-09-17 12:47:41 PM POST /api/v1/auth/login 401 - 122.659 ms - message: Incorrect email or password
error: 2021-09-17 12:48:00 PM POST /api/v1/auth/login 401 - 125.668 ms - message: Incorrect email or password
error: 2021-09-17 12:48:06 PM POST /api/v1/auth/login 401 - 121.320 ms - message: Incorrect email or password
error: 2021-09-17 12:57:23 PM POST /api/v1/auth/login 401 - 133.241 ms - message: Incorrect email or password
error: 2021-09-17 12:59:20 PM POST /api/v1/auth/login 401 - 132.872 ms - message: Incorrect email or password
error: 2021-09-17 12:59:29 PM POST /api/v1/auth/login 401 - 121.229 ms - message: Incorrect email or password
error: 2021-09-17 12:59:39 PM POST /api/v1/auth/login 401 - 121.762 ms - message: Incorrect email or password
error: 2021-09-17 01:01:18 PM POST /api/v1/auth/login 401 - 125.429 ms - message: Incorrect email or password
error: 2021-09-17 01:01:31 PM POST /api/v1/auth/login 401 - 124.577 ms - message: Incorrect email or password
error: 2021-09-17 01:01:44 PM POST /api/v1/auth/login 401 - 122.567 ms - message: Incorrect email or password
error: 2021-09-17 01:02:09 PM POST /api/v1/auth/login 401 - 122.242 ms - message: Incorrect email or password
error: 2021-09-17 01:03:27 PM POST /api/v1/auth/login 401 - 57.036 ms - message: Incorrect email or password
error: 2021-09-17 04:47:19 PM POST /api/v1/auth/login 401 - 62.098 ms - message: Incorrect email or password
error: 2021-09-17 10:51:42 PM GET /api/v1/user/info 500 - 56.317 ms - message: Cannot read property '_id' of null
error: 2021-09-17 10:52:10 PM GET /api/v1/user/info 500 - 38.170 ms - message: Cannot read property '_id' of null
error: 2021-09-18 08:22:10 AM POST /api/v1/auth/login 401 - 58.323 ms - message: Incorrect email or password
error: 2021-09-18 11:27:17 AM POST /api/v1/auth/login 401 - 57.374 ms - message: Incorrect email or password
error: 2021-09-18 12:42:11 PM POST /api/v1/auth/login 401 - 65.610 ms - message: Incorrect email or password
error: 2021-09-18 12:43:26 PM POST /api/v1/auth/login 401 - 119.965 ms - message: Incorrect email or password
error: 2021-09-18 12:43:32 PM POST /api/v1/auth/login 401 - 57.158 ms - message: Incorrect email or password
error: 2021-09-21 07:21:34 PM POST /api/v1/category 400 - 38.937 ms - message: "name" is required
error: 2021-09-21 09:20:06 PM GET /api/v1/category?limit=10&sortBy=&page=1 400 - 320.190 ms - message: "sortBy" is not allowed to be empty
error: 2021-09-21 09:22:16 PM GET /api/v1/category?limit=10&sortBy=&page=1 400 - 95.775 ms - message: "sortBy" is not allowed to be empty
error: 2021-09-21 09:31:41 PM GET /api/v1/category?limit=10&sortBy=&page=0&totalPages=0&totalResults=0 400 - 44.654 ms - message: "totalPages" is not allowed, "totalResults" is not allowed
error: 2021-09-21 10:06:15 PM GET /api/v1/category?limit=10&sortBy=&page=0 500 - 137.195 ms - message: Skip value must be non-negative, but received: -10
error: 2021-09-21 10:17:44 PM GET /api/v1/category?limit=NaN&page=0&sortBy= 400 - 40.267 ms - message: "limit" must be a number
error: 2021-09-21 10:18:16 PM GET /api/v1/category?limit=NaN&page=0&sortBy= 400 - 48.371 ms - message: "limit" must be a number
error: 2021-09-21 10:18:24 PM GET /api/v1/category?limit=NaN&page=0&sortBy= 400 - 37.792 ms - message: "limit" must be a number
error: 2021-09-21 10:18:48 PM GET /api/v1/category?limit=NaN&page=0&sortBy= 400 - 46.186 ms - message: "limit" must be a number
error: 2021-09-21 10:29:25 PM GET /api/v1/category?limit=NaN&page=0&sortBy= 400 - 36.843 ms - message: "limit" must be a number
error: 2021-09-21 10:29:55 PM GET /api/v1/category?limit=NaN&page=0&sortBy= 400 - 47.769 ms - message: "limit" must be a number
error: 2021-09-21 10:29:59 PM GET /api/v1/category?limit=NaN&page=0&sortBy= 400 - 40.994 ms - message: "limit" must be a number
